2018-06-19 12:13:02,736 - model_worker.py - [line:157] - INFO :runing model_test to test avg_time
2018-06-19 12:13:02,736 - model_worker.py - [line:166] - INFO :wait 100 second try to get element from queue
2018-06-19 12:13:02,740 - model_worker.py - [line:169] - INFO :get {'ids': 62977L} from queue
2018-06-19 12:13:02,742 - model_worker.py - [line:178] - INFO :model_test start new threading, get song ids=62977,threading name is:MainThread,pid is:6508
2018-06-19 12:13:02,742 - model_worker.py - [line:166] - INFO :wait 100 second try to get element from queue
2018-06-19 12:13:02,743 - model_worker.py - [line:169] - INFO :get {'ids': 459176L} from queue
2018-06-19 12:13:02,743 - model_worker.py - [line:178] - INFO :model_test start new threading, get song ids=459176,threading name is:MainThread,pid is:6508
2018-06-19 12:13:02,743 - model_worker.py - [line:166] - INFO :wait 100 second try to get element from queue
2018-06-19 12:13:02,744 - model_worker.py - [line:169] - INFO :get {'ids': 185264L} from queue
2018-06-19 12:13:02,749 - cloud_music.py - [line:44] - DEBUG :post data is:{'rid': 'R_SO_4_62977', 'total': 'true', 'limit': 20, 'csrf_token': '', 'offset': 0}
2018-06-19 12:13:02,753 - model_worker.py - [line:178] - INFO :model_test start new threading, get song ids=185264,threading name is:MainThread,pid is:6508
2018-06-19 12:13:02,753 - cloud_music.py - [line:44] - DEBUG :post data is:{'rid': 'R_SO_4_459176', 'total': 'true', 'limit': 20, 'csrf_token': '', 'offset': 0}
2018-06-19 12:13:02,755 - model_worker.py - [line:166] - INFO :wait 100 second try to get element from queue
2018-06-19 12:13:02,757 - model_worker.py - [line:169] - INFO :get {'ids': 185272L} from queue
2018-06-19 12:13:02,760 - cloud_music.py - [line:44] - DEBUG :post data is:{'rid': 'R_SO_4_185264', 'total': 'true', 'limit': 20, 'csrf_token': '', 'offset': 0}
2018-06-19 12:13:02,763 - model_worker.py - [line:178] - INFO :model_test start new threading, get song ids=185272,threading name is:MainThread,pid is:6508
2018-06-19 12:13:02,769 - model_worker.py - [line:166] - INFO :wait 100 second try to get element from queue
2018-06-19 12:13:02,772 - model_worker.py - [line:169] - INFO :get {'ids': 185287L} from queue
2018-06-19 12:13:02,776 - cloud_music.py - [line:44] - DEBUG :post data is:{'rid': 'R_SO_4_185272', 'total': 'true', 'limit': 20, 'csrf_token': '', 'offset': 0}
2018-06-19 12:13:02,776 - model_worker.py - [line:178] - INFO :model_test start new threading, get song ids=185287,threading name is:MainThread,pid is:6508
2018-06-19 12:13:02,778 - connectionpool.py - [line:208] - DEBUG :Starting new HTTP connection (1): music.163.com
2018-06-19 12:13:02,780 - model_worker.py - [line:166] - INFO :wait 100 second try to get element from queue
2018-06-19 12:13:02,785 - model_worker.py - [line:169] - INFO :get {'ids': 185283L} from queue
2018-06-19 12:13:02,785 - connectionpool.py - [line:208] - DEBUG :Starting new HTTP connection (1): music.163.com
2018-06-19 12:13:02,786 - cloud_music.py - [line:44] - DEBUG :post data is:{'rid': 'R_SO_4_185287', 'total': 'true', 'limit': 20, 'csrf_token': '', 'offset': 0}
2018-06-19 12:13:02,792 - model_worker.py - [line:178] - INFO :model_test start new threading, get song ids=185283,threading name is:MainThread,pid is:6508
2018-06-19 12:13:02,793 - connectionpool.py - [line:208] - DEBUG :Starting new HTTP connection (1): music.163.com
2018-06-19 12:13:02,795 - model_worker.py - [line:166] - INFO :wait 100 second try to get element from queue
2018-06-19 12:13:02,798 - model_worker.py - [line:169] - INFO :get {'ids': 402431562L} from queue
2018-06-19 12:13:02,799 - cloud_music.py - [line:44] - DEBUG :post data is:{'rid': 'R_SO_4_185283', 'total': 'true', 'limit': 20, 'csrf_token': '', 'offset': 0}
2018-06-19 12:13:02,805 - model_worker.py - [line:178] - INFO :model_test start new threading, get song ids=402431562,threading name is:MainThread,pid is:6508
2018-06-19 12:13:02,806 - model_worker.py - [line:166] - INFO :wait 100 second try to get element from queue
2018-06-19 12:13:02,811 - model_worker.py - [line:169] - INFO :get {'ids': 460514856L} from queue
2018-06-19 12:13:02,811 - connectionpool.py - [line:208] - DEBUG :Starting new HTTP connection (1): music.163.com
2018-06-19 12:13:02,812 - cloud_music.py - [line:44] - DEBUG :post data is:{'rid': 'R_SO_4_402431562', 'total': 'true', 'limit': 20, 'csrf_token': '', 'offset': 0}
2018-06-19 12:13:02,816 - model_worker.py - [line:178] - INFO :model_test start new threading, get song ids=460514856,threading name is:MainThread,pid is:6508
2018-06-19 12:13:02,819 - model_worker.py - [line:166] - INFO :wait 100 second try to get element from queue
2018-06-19 12:13:02,822 - model_worker.py - [line:169] - INFO :get {'ids': 27975130L} from queue
2018-06-19 12:13:02,825 - cloud_music.py - [line:44] - DEBUG :post data is:{'rid': 'R_SO_4_460514856', 'total': 'true', 'limit': 20, 'csrf_token': '', 'offset': 0}
2018-06-19 12:13:02,831 - model_worker.py - [line:178] - INFO :model_test start new threading, get song ids=27975130,threading name is:MainThread,pid is:6508
2018-06-19 12:13:02,831 - connectionpool.py - [line:208] - DEBUG :Starting new HTTP connection (1): music.163.com
2018-06-19 12:13:02,834 - connectionpool.py - [line:208] - DEBUG :Starting new HTTP connection (1): music.163.com
2018-06-19 12:13:02,834 - model_worker.py - [line:166] - INFO :wait 100 second try to get element from queue
2018-06-19 12:13:02,838 - model_worker.py - [line:169] - INFO :get {'ids': 466122605L} from queue
2018-06-19 12:13:02,838 - cloud_music.py - [line:44] - DEBUG :post data is:{'rid': 'R_SO_4_27975130', 'total': 'true', 'limit': 20, 'csrf_token': '', 'offset': 0}
2018-06-19 12:13:02,845 - model_worker.py - [line:178] - INFO :model_test start new threading, get song ids=466122605,threading name is:MainThread,pid is:6508
2018-06-19 12:13:02,848 - connectionpool.py - [line:208] - DEBUG :Starting new HTTP connection (1): music.163.com
2018-06-19 12:13:02,848 - model_worker.py - [line:166] - INFO :wait 100 second try to get element from queue
2018-06-19 12:13:02,851 - model_worker.py - [line:169] - INFO :get {'ids': 39324744L} from queue
2018-06-19 12:13:02,855 - cloud_music.py - [line:44] - DEBUG :post data is:{'rid': 'R_SO_4_466122605', 'total': 'true', 'limit': 20, 'csrf_token': '', 'offset': 0}
2018-06-19 12:13:02,858 - model_worker.py - [line:178] - INFO :model_test start new threading, get song ids=39324744,threading name is:MainThread,pid is:6508
2018-06-19 12:13:02,859 - connectionpool.py - [line:208] - DEBUG :Starting new HTTP connection (1): music.163.com
2018-06-19 12:13:02,861 - model_worker.py - [line:166] - INFO :wait 100 second try to get element from queue
2018-06-19 12:13:02,864 - model_worker.py - [line:169] - INFO :get {'ids': 496902058L} from queue
2018-06-19 12:13:02,867 - model_worker.py - [line:178] - INFO :model_test start new threading, get song ids=496902058,threading name is:MainThread,pid is:6508
2018-06-19 12:13:02,867 - connectionpool.py - [line:208] - DEBUG :Starting new HTTP connection (1): music.163.com
2018-06-19 12:13:02,868 - cloud_music.py - [line:44] - DEBUG :post data is:{'rid': 'R_SO_4_39324744', 'total': 'true', 'limit': 20, 'csrf_token': '', 'offset': 0}
2018-06-19 12:13:02,868 - model_worker.py - [line:166] - INFO :wait 100 second try to get element from queue
2018-06-19 12:13:02,874 - model_worker.py - [line:169] - INFO :get {'ids': 427416518L} from queue
2018-06-19 12:13:02,877 - model_worker.py - [line:178] - INFO :model_test start new threading, get song ids=427416518,threading name is:MainThread,pid is:6508
2018-06-19 12:13:02,878 - model_worker.py - [line:166] - INFO :wait 100 second try to get element from queue
2018-06-19 12:13:02,881 - connectionpool.py - [line:208] - DEBUG :Starting new HTTP connection (1): music.163.com
2018-06-19 12:13:02,881 - model_worker.py - [line:169] - INFO :get {'ids': 31514325L} from queue
2018-06-19 12:13:02,884 - model_worker.py - [line:178] - INFO :model_test start new threading, get song ids=31514325,threading name is:MainThread,pid is:6508
2018-06-19 12:13:02,885 - model_worker.py - [line:166] - INFO :wait 100 second try to get element from queue
2018-06-19 12:13:02,888 - model_worker.py - [line:169] - INFO :get {'ids': 28171897L} from queue
2018-06-19 12:13:02,888 - connectionpool.py - [line:208] - DEBUG :Starting new HTTP connection (1): music.163.com
2018-06-19 12:13:02,888 - model_worker.py - [line:178] - INFO :model_test start new threading, get song ids=28171897,threading name is:MainThread,pid is:6508
2018-06-19 12:13:02,890 - model_worker.py - [line:166] - INFO :wait 100 second try to get element from queue
2018-06-19 12:13:02,891 - model_worker.py - [line:169] - INFO :get {'ids': 33085040L} from queue
2018-06-19 12:13:02,891 - model_worker.py - [line:178] - INFO :model_test start new threading, get song ids=33085040,threading name is:MainThread,pid is:6508
2018-06-19 12:13:02,891 - model_worker.py - [line:166] - INFO :wait 100 second try to get element from queue
2018-06-19 12:13:02,892 - model_worker.py - [line:169] - INFO :get {'ids': 17814164L} from queue
2018-06-19 12:13:02,892 - model_worker.py - [line:178] - INFO :model_test start new threading, get song ids=17814164,threading name is:MainThread,pid is:6508
2018-06-19 12:13:02,892 - model_worker.py - [line:166] - INFO :wait 100 second try to get element from queue
2018-06-19 12:13:02,894 - model_worker.py - [line:169] - INFO :get {'ids': 458697647L} from queue
2018-06-19 12:13:02,894 - model_worker.py - [line:178] - INFO :model_test start new threading, get song ids=458697647,threading name is:MainThread,pid is:6508
2018-06-19 12:13:02,894 - model_worker.py - [line:166] - INFO :wait 100 second try to get element from queue
2018-06-19 12:13:02,894 - model_worker.py - [line:169] - INFO :get {'ids': 18504434L} from queue
2018-06-19 12:13:02,894 - model_worker.py - [line:178] - INFO :model_test start new threading, get song ids=18504434,threading name is:MainThread,pid is:6508
2018-06-19 12:13:02,894 - model_worker.py - [line:166] - INFO :wait 100 second try to get element from queue
2018-06-19 12:13:02,894 - model_worker.py - [line:169] - INFO :get {'ids': 5398943L} from queue
2018-06-19 12:13:02,895 - model_worker.py - [line:178] - INFO :model_test start new threading, get song ids=5398943,threading name is:MainThread,pid is:6508
2018-06-19 12:13:02,895 - model_worker.py - [line:166] - INFO :wait 100 second try to get element from queue
2018-06-19 12:13:02,897 - model_worker.py - [line:169] - INFO :get {'ids': 22547863L} from queue
2018-06-19 12:13:02,897 - model_worker.py - [line:178] - INFO :model_test start new threading, get song ids=22547863,threading name is:MainThread,pid is:6508
2018-06-19 12:13:02,897 - model_worker.py - [line:166] - INFO :wait 100 second try to get element from queue
2018-06-19 12:13:02,897 - model_worker.py - [line:169] - INFO :get {'ids': 28134449L} from queue
2018-06-19 12:13:02,898 - model_worker.py - [line:178] - INFO :model_test start new threading, get song ids=28134449,threading name is:MainThread,pid is:6508
2018-06-19 12:13:02,898 - model_worker.py - [line:166] - INFO :wait 100 second try to get element from queue
2018-06-19 12:13:02,898 - model_worker.py - [line:169] - INFO :get {'ids': 2416908L} from queue
2018-06-19 12:13:02,898 - model_worker.py - [line:178] - INFO :model_test start new threading, get song ids=2416908,threading name is:MainThread,pid is:6508
2018-06-19 12:13:02,898 - model_worker.py - [line:166] - INFO :wait 100 second try to get element from queue
2018-06-19 12:13:02,900 - model_worker.py - [line:169] - INFO :get {'ids': 5057315L} from queue
2018-06-19 12:13:02,900 - model_worker.py - [line:178] - INFO :model_test start new threading, get song ids=5057315,threading name is:MainThread,pid is:6508
2018-06-19 12:13:02,900 - model_worker.py - [line:166] - INFO :wait 100 second try to get element from queue
2018-06-19 12:13:02,901 - model_worker.py - [line:169] - INFO :get {'ids': 538793539L} from queue
2018-06-19 12:13:02,901 - model_worker.py - [line:178] - INFO :model_test start new threading, get song ids=538793539,threading name is:MainThread,pid is:6508
2018-06-19 12:13:02,901 - model_worker.py - [line:166] - INFO :wait 100 second try to get element from queue
2018-06-19 12:13:02,901 - model_worker.py - [line:169] - INFO :get {'ids': 453189381L} from queue
2018-06-19 12:13:02,901 - model_worker.py - [line:178] - INFO :model_test start new threading, get song ids=453189381,threading name is:MainThread,pid is:6508
2018-06-19 12:13:02,901 - model_worker.py - [line:166] - INFO :wait 100 second try to get element from queue
2018-06-19 12:13:02,903 - model_worker.py - [line:169] - INFO :get {'ids': 475207414L} from queue
2018-06-19 12:13:02,903 - model_worker.py - [line:178] - INFO :model_test start new threading, get song ids=475207414,threading name is:MainThread,pid is:6508
2018-06-19 12:13:02,903 - model_worker.py - [line:166] - INFO :wait 100 second try to get element from queue
2018-06-19 12:13:02,904 - model_worker.py - [line:169] - INFO :get {'ids': 29491859L} from queue
2018-06-19 12:13:02,904 - model_worker.py - [line:178] - INFO :model_test start new threading, get song ids=29491859,threading name is:MainThread,pid is:6508
2018-06-19 12:13:02,904 - model_worker.py - [line:166] - INFO :wait 100 second try to get element from queue
2018-06-19 12:13:02,904 - model_worker.py - [line:169] - INFO :get {'ids': 454698378L} from queue
2018-06-19 12:13:02,905 - model_worker.py - [line:178] - INFO :model_test start new threading, get song ids=454698378,threading name is:MainThread,pid is:6508
2018-06-19 12:13:02,905 - model_worker.py - [line:166] - INFO :wait 100 second try to get element from queue
2018-06-19 12:13:02,905 - model_worker.py - [line:169] - INFO :get {'ids': 32785273L} from queue
2018-06-19 12:13:02,907 - model_worker.py - [line:178] - INFO :model_test start new threading, get song ids=32785273,threading name is:MainThread,pid is:6508
2018-06-19 12:13:02,907 - model_worker.py - [line:166] - INFO :wait 100 second try to get element from queue
2018-06-19 12:13:02,907 - model_worker.py - [line:169] - INFO :get {'ids': 441489075L} from queue
2018-06-19 12:13:02,907 - model_worker.py - [line:178] - INFO :model_test start new threading, get song ids=441489075,threading name is:MainThread,pid is:6508
2018-06-19 12:13:02,907 - model_worker.py - [line:166] - INFO :wait 100 second try to get element from queue
2018-06-19 12:13:02,908 - model_worker.py - [line:169] - INFO :get {'ids': 496902057L} from queue
2018-06-19 12:13:02,908 - model_worker.py - [line:178] - INFO :model_test start new threading, get song ids=496902057,threading name is:MainThread,pid is:6508
2018-06-19 12:13:02,908 - model_worker.py - [line:166] - INFO :wait 100 second try to get element from queue
2018-06-19 12:13:02,910 - model_worker.py - [line:169] - INFO :get {'ids': 524148114L} from queue
2018-06-19 12:13:02,910 - model_worker.py - [line:178] - INFO :model_test start new threading, get song ids=524148114,threading name is:MainThread,pid is:6508
2018-06-19 12:13:15,069 - cloud_music.py - [line:44] - DEBUG :post data is:{'rid': 'R_SO_4_496902058', 'total': 'true', 'limit': 20, 'csrf_token': '', 'offset': 0}
2018-06-19 12:13:15,078 - connectionpool.py - [line:208] - DEBUG :Starting new HTTP connection (1): music.163.com
2018-06-19 12:13:26,628 - connectionpool.py - [line:396] - DEBUG :http://music.163.com:80 "POST /weapi/v1/resource/comments/R_SO_4_62977?csrf_token= HTTP/1.1" 200 None
2018-06-19 12:13:26,634 - multi.py - [line:151] - INFO :ids 为62977的歌曲，评论总页码为：4
2018-06-19 12:13:26,640 - cloud_music.py - [line:44] - DEBUG :post data is:{'rid': 'R_SO_4_62977', 'total': 'true', 'limit': 20, 'csrf_token': '', 'offset': 20}
2018-06-19 12:13:26,648 - connectionpool.py - [line:208] - DEBUG :Starting new HTTP connection (1): music.163.com
2018-06-19 12:13:26,650 - connectionpool.py - [line:396] - DEBUG :http://music.163.com:80 "POST /weapi/v1/resource/comments/R_SO_4_185264?csrf_token= HTTP/1.1" 200 None
2018-06-19 12:13:26,654 - multi.py - [line:151] - INFO :ids 为185264的歌曲，评论总页码为：28
2018-06-19 12:13:26,660 - cloud_music.py - [line:44] - DEBUG :post data is:{'rid': 'R_SO_4_185264', 'total': 'true', 'limit': 20, 'csrf_token': '', 'offset': 20}
2018-06-19 12:13:26,667 - connectionpool.py - [line:208] - DEBUG :Starting new HTTP connection (1): music.163.com
2018-06-19 12:13:26,681 - connectionpool.py - [line:396] - DEBUG :http://music.163.com:80 "POST /weapi/v1/resource/comments/R_SO_4_39324744?csrf_token= HTTP/1.1" 200 None
2018-06-19 12:13:26,684 - connectionpool.py - [line:396] - DEBUG :http://music.163.com:80 "POST /weapi/v1/resource/comments/R_SO_4_185283?csrf_token= HTTP/1.1" 200 None
2018-06-19 12:13:26,687 - connectionpool.py - [line:396] - DEBUG :http://music.163.com:80 "POST /weapi/v1/resource/comments/R_SO_4_185272?csrf_token= HTTP/1.1" 200 None
2018-06-19 12:13:26,694 - multi.py - [line:151] - INFO :ids 为185272的歌曲，评论总页码为：10
2018-06-19 12:13:26,698 - cloud_music.py - [line:44] - DEBUG :post data is:{'rid': 'R_SO_4_185272', 'total': 'true', 'limit': 20, 'csrf_token': '', 'offset': 20}
2018-06-19 12:13:26,706 - connectionpool.py - [line:208] - DEBUG :Starting new HTTP connection (1): music.163.com
2018-06-19 12:13:26,710 - connectionpool.py - [line:396] - DEBUG :http://music.163.com:80 "POST /weapi/v1/resource/comments/R_SO_4_27975130?csrf_token= HTTP/1.1" 200 None
2018-06-19 12:13:26,826 - cloud_music.py - [line:44] - DEBUG :post data is:{'rid': 'R_SO_4_427416518', 'total': 'true', 'limit': 20, 'csrf_token': '', 'offset': 0}
2018-06-19 12:13:26,834 - connectionpool.py - [line:208] - DEBUG :Starting new HTTP connection (1): music.163.com
2018-06-19 12:13:28,464 - connectionpool.py - [line:396] - DEBUG :http://music.163.com:80 "POST /weapi/v1/resource/comments/R_SO_4_185287?csrf_token= HTTP/1.1" 200 None
2018-06-19 12:13:28,464 - connectionpool.py - [line:396] - DEBUG :http://music.163.com:80 "POST /weapi/v1/resource/comments/R_SO_4_459176?csrf_token= HTTP/1.1" 200 None
2018-06-19 12:13:28,466 - connectionpool.py - [line:396] - DEBUG :http://music.163.com:80 "POST /weapi/v1/resource/comments/R_SO_4_460514856?csrf_token= HTTP/1.1" 200 None
2018-06-19 12:13:28,476 - multi.py - [line:151] - INFO :ids 为185283的歌曲，评论总页码为：6
2018-06-19 12:13:28,480 - multi.py - [line:151] - INFO :ids 为39324744的歌曲，评论总页码为：61
2018-06-19 12:13:28,506 - cloud_music.py - [line:44] - DEBUG :post data is:{'rid': 'R_SO_4_185283', 'total': 'true', 'limit': 20, 'csrf_token': '', 'offset': 20}
2018-06-19 12:13:28,509 - cloud_music.py - [line:44] - DEBUG :post data is:{'rid': 'R_SO_4_39324744', 'total': 'true', 'limit': 20, 'csrf_token': '', 'offset': 20}
2018-06-19 12:13:28,539 - multi.py - [line:151] - INFO :ids 为460514856的歌曲，评论总页码为：60
2018-06-19 12:13:28,539 - multi.py - [line:151] - INFO :ids 为459176的歌曲，评论总页码为：13
2018-06-19 12:13:28,546 - multi.py - [line:151] - INFO :ids 为185287的歌曲，评论总页码为：7
2018-06-19 12:13:28,575 - cloud_music.py - [line:44] - DEBUG :post data is:{'rid': 'R_SO_4_459176', 'total': 'true', 'limit': 20, 'csrf_token': '', 'offset': 20}
2018-06-19 12:13:28,575 - cloud_music.py - [line:44] - DEBUG :post data is:{'rid': 'R_SO_4_460514856', 'total': 'true', 'limit': 20, 'csrf_token': '', 'offset': 20}
2018-06-19 12:13:28,578 - connectionpool.py - [line:208] - DEBUG :Starting new HTTP connection (1): music.163.com
2018-06-19 12:13:28,578 - cloud_music.py - [line:44] - DEBUG :post data is:{'rid': 'R_SO_4_185287', 'total': 'true', 'limit': 20, 'csrf_token': '', 'offset': 20}
2018-06-19 12:13:28,595 - connectionpool.py - [line:208] - DEBUG :Starting new HTTP connection (1): music.163.com
2018-06-19 12:13:28,618 - connectionpool.py - [line:208] - DEBUG :Starting new HTTP connection (1): music.163.com
2018-06-19 12:13:28,621 - connectionpool.py - [line:208] - DEBUG :Starting new HTTP connection (1): music.163.com
2018-06-19 12:13:28,624 - connectionpool.py - [line:208] - DEBUG :Starting new HTTP connection (1): music.163.com
2018-06-19 12:13:28,766 - connectionpool.py - [line:396] - DEBUG :http://music.163.com:80 "POST /weapi/v1/resource/comments/R_SO_4_39324744?csrf_token= HTTP/1.1" 200 None
2018-06-19 12:13:28,773 - connectionpool.py - [line:396] - DEBUG :http://music.163.com:80 "POST /weapi/v1/resource/comments/R_SO_4_459176?csrf_token= HTTP/1.1" 200 None
2018-06-19 12:13:28,773 - connectionpool.py - [line:396] - DEBUG :http://music.163.com:80 "POST /weapi/v1/resource/comments/R_SO_4_185283?csrf_token= HTTP/1.1" 200 None
2018-06-19 12:13:28,773 - connectionpool.py - [line:396] - DEBUG :http://music.163.com:80 "POST /weapi/v1/resource/comments/R_SO_4_460514856?csrf_token= HTTP/1.1" 200 None
2018-06-19 12:13:28,789 - multi.py - [line:161] - INFO :正在抓取ids=39324744第2页评论
2018-06-19 12:13:28,789 - multi.py - [line:168] - INFO :获取ids=39324744的song的第2页评论
2018-06-19 12:13:28,790 - cloud_music.py - [line:44] - DEBUG :post data is:{'rid': 'R_SO_4_39324744', 'total': 'true', 'limit': 20, 'csrf_token': '', 'offset': 40}
2018-06-19 12:13:28,821 - multi.py - [line:161] - INFO :正在抓取ids=185283第2页评论
2018-06-19 12:13:28,821 - connectionpool.py - [line:396] - DEBUG :http://music.163.com:80 "POST /weapi/v1/resource/comments/R_SO_4_185287?csrf_token= HTTP/1.1" 200 None
2018-06-19 12:13:28,823 - multi.py - [line:168] - INFO :获取ids=185283的song的第2页评论
2018-06-19 12:13:28,825 - multi.py - [line:161] - INFO :正在抓取ids=460514856第2页评论
2018-06-19 12:13:28,825 - multi.py - [line:161] - INFO :正在抓取ids=459176第2页评论
2018-06-19 12:13:28,826 - cloud_music.py - [line:44] - DEBUG :post data is:{'rid': 'R_SO_4_185283', 'total': 'true', 'limit': 20, 'csrf_token': '', 'offset': 40}
2018-06-19 12:13:28,829 - multi.py - [line:168] - INFO :获取ids=460514856的song的第2页评论
2018-06-19 12:13:28,831 - multi.py - [line:168] - INFO :获取ids=459176的song的第2页评论
2018-06-19 12:13:28,831 - connectionpool.py - [line:208] - DEBUG :Starting new HTTP connection (1): music.163.com
2018-06-19 12:13:28,835 - cloud_music.py - [line:44] - DEBUG :post data is:{'rid': 'R_SO_4_460514856', 'total': 'true', 'limit': 20, 'csrf_token': '', 'offset': 40}
2018-06-19 12:13:28,835 - cloud_music.py - [line:44] - DEBUG :post data is:{'rid': 'R_SO_4_459176', 'total': 'true', 'limit': 20, 'csrf_token': '', 'offset': 40}
2018-06-19 12:13:28,874 - connectionpool.py - [line:208] - DEBUG :Starting new HTTP connection (1): music.163.com
2018-06-19 12:13:28,874 - multi.py - [line:161] - INFO :正在抓取ids=185287第2页评论
2018-06-19 12:13:28,878 - multi.py - [line:168] - INFO :获取ids=185287的song的第2页评论
2018-06-19 12:13:28,878 - connectionpool.py - [line:208] - DEBUG :Starting new HTTP connection (1): music.163.com
2018-06-19 12:13:28,878 - connectionpool.py - [line:208] - DEBUG :Starting new HTTP connection (1): music.163.com
2018-06-19 12:13:28,880 - cloud_music.py - [line:44] - DEBUG :post data is:{'rid': 'R_SO_4_185287', 'total': 'true', 'limit': 20, 'csrf_token': '', 'offset': 40}
2018-06-19 12:13:28,891 - connectionpool.py - [line:208] - DEBUG :Starting new HTTP connection (1): music.163.com
2018-06-19 12:13:29,000 - connectionpool.py - [line:396] - DEBUG :http://music.163.com:80 "POST /weapi/v1/resource/comments/R_SO_4_39324744?csrf_token= HTTP/1.1" 200 None
2018-06-19 12:13:29,006 - multi.py - [line:161] - INFO :正在抓取ids=39324744第3页评论
2018-06-19 12:13:29,007 - multi.py - [line:168] - INFO :获取ids=39324744的song的第3页评论
2018-06-19 12:13:29,009 - cloud_music.py - [line:44] - DEBUG :post data is:{'rid': 'R_SO_4_39324744', 'total': 'true', 'limit': 20, 'csrf_token': '', 'offset': 60}
2018-06-19 12:13:29,016 - connectionpool.py - [line:208] - DEBUG :Starting new HTTP connection (1): music.163.com
2018-06-19 12:13:29,042 - connectionpool.py - [line:396] - DEBUG :http://music.163.com:80 "POST /weapi/v1/resource/comments/R_SO_4_459176?csrf_token= HTTP/1.1" 200 None
2018-06-19 12:13:29,052 - multi.py - [line:161] - INFO :正在抓取ids=459176第3页评论
2018-06-19 12:13:29,053 - multi.py - [line:168] - INFO :获取ids=459176的song的第3页评论
2018-06-19 12:13:29,055 - cloud_music.py - [line:44] - DEBUG :post data is:{'rid': 'R_SO_4_459176', 'total': 'true', 'limit': 20, 'csrf_token': '', 'offset': 60}
2018-06-19 12:13:29,062 - connectionpool.py - [line:208] - DEBUG :Starting new HTTP connection (1): music.163.com
2018-06-19 12:13:29,065 - connectionpool.py - [line:396] - DEBUG :http://music.163.com:80 "POST /weapi/v1/resource/comments/R_SO_4_460514856?csrf_token= HTTP/1.1" 200 None
2018-06-19 12:13:29,075 - multi.py - [line:161] - INFO :正在抓取ids=460514856第3页评论
2018-06-19 12:13:29,075 - multi.py - [line:168] - INFO :获取ids=460514856的song的第3页评论
2018-06-19 12:13:29,076 - cloud_music.py - [line:44] - DEBUG :post data is:{'rid': 'R_SO_4_460514856', 'total': 'true', 'limit': 20, 'csrf_token': '', 'offset': 60}
2018-06-19 12:13:29,088 - connectionpool.py - [line:396] - DEBUG :http://music.163.com:80 "POST /weapi/v1/resource/comments/R_SO_4_185287?csrf_token= HTTP/1.1" 200 None
2018-06-19 12:13:29,088 - connectionpool.py - [line:396] - DEBUG :http://music.163.com:80 "POST /weapi/v1/resource/comments/R_SO_4_185283?csrf_token= HTTP/1.1" 200 None
2018-06-19 12:13:29,099 - connectionpool.py - [line:208] - DEBUG :Starting new HTTP connection (1): music.163.com
2018-06-19 12:13:29,125 - multi.py - [line:161] - INFO :正在抓取ids=185287第3页评论
2018-06-19 12:13:29,128 - multi.py - [line:161] - INFO :正在抓取ids=185283第3页评论
2018-06-19 12:13:29,128 - multi.py - [line:168] - INFO :获取ids=185287的song的第3页评论
2018-06-19 12:13:29,128 - multi.py - [line:168] - INFO :获取ids=185283的song的第3页评论
2018-06-19 12:13:29,131 - cloud_music.py - [line:44] - DEBUG :post data is:{'rid': 'R_SO_4_185287', 'total': 'true', 'limit': 20, 'csrf_token': '', 'offset': 60}
2018-06-19 12:13:29,131 - cloud_music.py - [line:44] - DEBUG :post data is:{'rid': 'R_SO_4_185283', 'total': 'true', 'limit': 20, 'csrf_token': '', 'offset': 60}
2018-06-19 12:13:29,157 - connectionpool.py - [line:208] - DEBUG :Starting new HTTP connection (1): music.163.com
2018-06-19 12:13:29,157 - connectionpool.py - [line:208] - DEBUG :Starting new HTTP connection (1): music.163.com
2018-06-19 12:13:29,216 - connectionpool.py - [line:396] - DEBUG :http://music.163.com:80 "POST /weapi/v1/resource/comments/R_SO_4_39324744?csrf_token= HTTP/1.1" 200 None
2018-06-19 12:13:29,224 - multi.py - [line:161] - INFO :正在抓取ids=39324744第4页评论
2018-06-19 12:13:29,226 - connectionpool.py - [line:396] - DEBUG :http://music.163.com:80 "POST /weapi/v1/resource/comments/R_SO_4_459176?csrf_token= HTTP/1.1" 200 None
2018-06-19 12:13:29,226 - multi.py - [line:168] - INFO :获取ids=39324744的song的第4页评论
2018-06-19 12:13:29,229 - cloud_music.py - [line:44] - DEBUG :post data is:{'rid': 'R_SO_4_39324744', 'total': 'true', 'limit': 20, 'csrf_token': '', 'offset': 80}
2018-06-19 12:13:29,236 - connectionpool.py - [line:208] - DEBUG :Starting new HTTP connection (1): music.163.com
2018-06-19 12:13:29,242 - connectionpool.py - [line:396] - DEBUG :http://music.163.com:80 "POST /weapi/v1/resource/comments/R_SO_4_460514856?csrf_token= HTTP/1.1" 200 None
2018-06-19 12:13:29,253 - multi.py - [line:161] - INFO :正在抓取ids=459176第4页评论
2018-06-19 12:13:29,253 - multi.py - [line:168] - INFO :获取ids=459176的song的第4页评论
2018-06-19 12:13:29,255 - cloud_music.py - [line:44] - DEBUG :post data is:{'rid': 'R_SO_4_459176', 'total': 'true', 'limit': 20, 'csrf_token': '', 'offset': 80}
2018-06-19 12:13:29,266 - multi.py - [line:161] - INFO :正在抓取ids=460514856第4页评论
2018-06-19 12:13:29,266 - multi.py - [line:168] - INFO :获取ids=460514856的song的第4页评论
2018-06-19 12:13:29,267 - cloud_music.py - [line:44] - DEBUG :post data is:{'rid': 'R_SO_4_460514856', 'total': 'true', 'limit': 20, 'csrf_token': '', 'offset': 80}
2018-06-19 12:13:29,276 - connectionpool.py - [line:208] - DEBUG :Starting new HTTP connection (1): music.163.com
2018-06-19 12:13:29,282 - connectionpool.py - [line:208] - DEBUG :Starting new HTTP connection (1): music.163.com
2018-06-19 12:13:29,378 - connectionpool.py - [line:396] - DEBUG :http://music.163.com:80 "POST /weapi/v1/resource/comments/R_SO_4_185283?csrf_token= HTTP/1.1" 200 None
2018-06-19 12:13:29,392 - multi.py - [line:161] - INFO :正在抓取ids=185283第4页评论
2018-06-19 12:13:29,392 - multi.py - [line:168] - INFO :获取ids=185283的song的第4页评论
2018-06-19 12:13:29,394 - cloud_music.py - [line:44] - DEBUG :post data is:{'rid': 'R_SO_4_185283', 'total': 'true', 'limit': 20, 'csrf_token': '', 'offset': 80}
2018-06-19 12:13:29,400 - connectionpool.py - [line:208] - DEBUG :Starting new HTTP connection (1): music.163.com
2018-06-19 12:13:29,417 - connectionpool.py - [line:396] - DEBUG :http://music.163.com:80 "POST /weapi/v1/resource/comments/R_SO_4_39324744?csrf_token= HTTP/1.1" 200 None
2018-06-19 12:13:29,427 - connectionpool.py - [line:396] - DEBUG :http://music.163.com:80 "POST /weapi/v1/resource/comments/R_SO_4_185287?csrf_token= HTTP/1.1" 200 None
2018-06-19 12:13:29,434 - multi.py - [line:161] - INFO :正在抓取ids=39324744第5页评论
2018-06-19 12:13:29,436 - multi.py - [line:168] - INFO :获取ids=39324744的song的第5页评论
2018-06-19 12:13:29,437 - multi.py - [line:174] - INFO :得到5页评论中的5页评论，准备合并评论
2018-06-19 12:13:29,566 - My_MySQL.py - [line:42] - INFO :fetchall count is：2
2018-06-19 12:13:29,566 - mysql.py - [line:221] - INFO :successfully update_table_song comments
2018-06-19 12:13:29,572 - cloud_music.py - [line:44] - DEBUG :post data is:{'rid': 'R_SO_4_31514325', 'total': 'true', 'limit': 20, 'csrf_token': '', 'offset': 0}
2018-06-19 12:13:29,578 - connectionpool.py - [line:208] - DEBUG :Starting new HTTP connection (1): music.163.com
2018-06-19 12:13:34,667 - multi.py - [line:161] - INFO :正在抓取ids=185287第4页评论
2018-06-19 12:13:34,667 - multi.py - [line:168] - INFO :获取ids=185287的song的第4页评论
2018-06-19 12:13:34,668 - cloud_music.py - [line:44] - DEBUG :post data is:{'rid': 'R_SO_4_185287', 'total': 'true', 'limit': 20, 'csrf_token': '', 'offset': 80}
2018-06-19 12:13:34,674 - connectionpool.py - [line:208] - DEBUG :Starting new HTTP connection (1): music.163.com
2018-06-19 12:13:40,039 - connectionpool.py - [line:396] - DEBUG :http://music.163.com:80 "POST /weapi/v1/resource/comments/R_SO_4_459176?csrf_token= HTTP/1.1" 200 None
2018-06-19 12:13:40,046 - connectionpool.py - [line:396] - DEBUG :http://music.163.com:80 "POST /weapi/v1/resource/comments/R_SO_4_460514856?csrf_token= HTTP/1.1" 200 None
2018-06-19 12:13:40,061 - multi.py - [line:161] - INFO :正在抓取ids=459176第5页评论
2018-06-19 12:13:40,062 - multi.py - [line:168] - INFO :获取ids=459176的song的第5页评论
2018-06-19 12:13:40,066 - multi.py - [line:161] - INFO :正在抓取ids=460514856第5页评论
2018-06-19 12:13:40,068 - multi.py - [line:168] - INFO :获取ids=460514856的song的第5页评论
2018-06-19 12:13:40,068 - multi.py - [line:174] - INFO :得到5页评论中的5页评论，准备合并评论
2018-06-19 12:13:40,069 - multi.py - [line:174] - INFO :得到5页评论中的5页评论，准备合并评论
2018-06-19 12:13:40,342 - My_MySQL.py - [line:42] - INFO :fetchall count is：2
2018-06-19 12:13:40,342 - mysql.py - [line:221] - INFO :successfully update_table_song comments
2018-06-19 12:13:40,351 - cloud_music.py - [line:44] - DEBUG :post data is:{'rid': 'R_SO_4_28171897', 'total': 'true', 'limit': 20, 'csrf_token': '', 'offset': 0}
2018-06-19 12:13:40,359 - connectionpool.py - [line:208] - DEBUG :Starting new HTTP connection (1): music.163.com
2018-06-19 12:13:40,395 - My_MySQL.py - [line:42] - INFO :fetchall count is：2
2018-06-19 12:13:40,397 - mysql.py - [line:221] - INFO :successfully update_table_song comments
2018-06-19 12:13:40,404 - cloud_music.py - [line:44] - DEBUG :post data is:{'rid': 'R_SO_4_33085040', 'total': 'true', 'limit': 20, 'csrf_token': '', 'offset': 0}
2018-06-19 12:13:40,411 - connectionpool.py - [line:208] - DEBUG :Starting new HTTP connection (1): music.163.com
2018-06-19 12:13:46,082 - cloud_music.py - [line:44] - DEBUG :post data is:{'rid': 'R_SO_4_17814164', 'total': 'true', 'limit': 20, 'csrf_token': '', 'offset': 0}
2018-06-19 12:13:46,095 - connectionpool.py - [line:208] - DEBUG :Starting new HTTP connection (1): music.163.com
2018-06-19 12:13:46,105 - cloud_music.py - [line:44] - DEBUG :post data is:{'rid': 'R_SO_4_18504434', 'total': 'true', 'limit': 20, 'csrf_token': '', 'offset': 0}
2018-06-19 12:13:46,115 - connectionpool.py - [line:208] - DEBUG :Starting new HTTP connection (1): music.163.com
2018-06-19 12:13:46,117 - cloud_music.py - [line:44] - DEBUG :post data is:{'rid': 'R_SO_4_458697647', 'total': 'true', 'limit': 20, 'csrf_token': '', 'offset': 0}
2018-06-19 12:13:46,125 - connectionpool.py - [line:396] - DEBUG :http://music.163.com:80 "POST /weapi/v1/resource/comments/R_SO_4_185287?csrf_token= HTTP/1.1" 200 None
2018-06-19 12:13:46,131 - cloud_music.py - [line:44] - DEBUG :post data is:{'rid': 'R_SO_4_5398943', 'total': 'true', 'limit': 20, 'csrf_token': '', 'offset': 0}
2018-06-19 12:13:46,131 - connectionpool.py - [line:208] - DEBUG :Starting new HTTP connection (1): music.163.com
2018-06-19 12:13:46,158 - cloud_music.py - [line:44] - DEBUG :post data is:{'rid': 'R_SO_4_22547863', 'total': 'true', 'limit': 20, 'csrf_token': '', 'offset': 0}
2018-06-19 12:13:46,170 - multi.py - [line:161] - INFO :正在抓取ids=185287第5页评论
2018-06-19 12:13:46,171 - multi.py - [line:168] - INFO :获取ids=185287的song的第5页评论
2018-06-19 12:13:46,171 - connectionpool.py - [line:208] - DEBUG :Starting new HTTP connection (1): music.163.com
2018-06-19 12:13:46,180 - connectionpool.py - [line:208] - DEBUG :Starting new HTTP connection (1): music.163.com
2018-06-19 12:13:46,184 - multi.py - [line:174] - INFO :得到5页评论中的5页评论，准备合并评论
2018-06-19 12:13:46,372 - My_MySQL.py - [line:42] - INFO :fetchall count is：1
2018-06-19 12:13:46,372 - mysql.py - [line:221] - INFO :successfully update_table_song comments
2018-06-19 12:13:46,381 - cloud_music.py - [line:44] - DEBUG :post data is:{'rid': 'R_SO_4_28134449', 'total': 'true', 'limit': 20, 'csrf_token': '', 'offset': 0}
2018-06-19 12:13:46,387 - connectionpool.py - [line:208] - DEBUG :Starting new HTTP connection (1): music.163.com
2018-06-19 12:13:56,444 - connectionpool.py - [line:396] - DEBUG :http://music.163.com:80 "POST /weapi/v1/resource/comments/R_SO_4_185283?csrf_token= HTTP/1.1" 200 None
2018-06-19 12:13:56,459 - connectionpool.py - [line:396] - DEBUG :http://music.163.com:80 "POST /weapi/v1/resource/comments/R_SO_4_31514325?csrf_token= HTTP/1.1" 200 None
2018-06-19 12:13:56,486 - multi.py - [line:161] - INFO :正在抓取ids=185283第5页评论
2018-06-19 12:13:56,490 - multi.py - [line:168] - INFO :获取ids=185283的song的第5页评论
2018-06-19 12:13:56,494 - multi.py - [line:151] - INFO :ids 为31514325的歌曲，评论总页码为：27
2018-06-19 12:13:56,500 - cloud_music.py - [line:44] - DEBUG :post data is:{'rid': 'R_SO_4_31514325', 'total': 'true', 'limit': 20, 'csrf_token': '', 'offset': 20}
2018-06-19 12:13:56,509 - connectionpool.py - [line:208] - DEBUG :Starting new HTTP connection (1): music.163.com
2018-06-19 12:13:56,513 - multi.py - [line:174] - INFO :得到5页评论中的5页评论，准备合并评论
2018-06-19 12:13:56,608 - My_MySQL.py - [line:42] - INFO :fetchall count is：1
2018-06-19 12:13:56,608 - mysql.py - [line:221] - INFO :successfully update_table_song comments
2018-06-19 12:13:56,617 - cloud_music.py - [line:44] - DEBUG :post data is:{'rid': 'R_SO_4_2416908', 'total': 'true', 'limit': 20, 'csrf_token': '', 'offset': 0}
2018-06-19 12:13:56,624 - connectionpool.py - [line:208] - DEBUG :Starting new HTTP connection (1): music.163.com
2018-06-19 12:13:56,723 - cloud_music.py - [line:44] - DEBUG :post data is:{'rid': 'R_SO_4_5057315', 'total': 'true', 'limit': 20, 'csrf_token': '', 'offset': 0}
2018-06-19 12:13:56,732 - connectionpool.py - [line:208] - DEBUG :Starting new HTTP connection (1): music.163.com
2018-06-19 12:14:04,499 - connectionpool.py - [line:396] - DEBUG :http://music.163.com:80 "POST /weapi/v1/resource/comments/R_SO_4_458697647?csrf_token= HTTP/1.1" 200 None
2018-06-19 12:14:04,505 - multi.py - [line:151] - INFO :ids 为458697647的歌曲，评论总页码为：7
2018-06-19 12:14:04,513 - connectionpool.py - [line:396] - DEBUG :http://music.163.com:80 "POST /weapi/v1/resource/comments/R_SO_4_5398943?csrf_token= HTTP/1.1" 200 None
2018-06-19 12:14:04,519 - cloud_music.py - [line:44] - DEBUG :post data is:{'rid': 'R_SO_4_458697647', 'total': 'true', 'limit': 20, 'csrf_token': '', 'offset': 20}
2018-06-19 12:14:04,519 - connectionpool.py - [line:396] - DEBUG :http://music.163.com:80 "POST /weapi/v1/resource/comments/R_SO_4_28171897?csrf_token= HTTP/1.1" 200 None
2018-06-19 12:14:04,538 - connectionpool.py - [line:396] - DEBUG :http://music.163.com:80 "POST /weapi/v1/resource/comments/R_SO_4_33085040?csrf_token= HTTP/1.1" 200 None
2018-06-19 12:14:04,538 - connectionpool.py - [line:396] - DEBUG :http://music.163.com:80 "POST /weapi/v1/resource/comments/R_SO_4_22547863?csrf_token= HTTP/1.1" 200 None
2018-06-19 12:14:04,539 - connectionpool.py - [line:396] - DEBUG :http://music.163.com:80 "POST /weapi/v1/resource/comments/R_SO_4_18504434?csrf_token= HTTP/1.1" 200 None
2018-06-19 12:14:04,573 - multi.py - [line:151] - INFO :ids 为5398943的歌曲，评论总页码为：4
2018-06-19 12:14:04,595 - multi.py - [line:151] - INFO :ids 为28171897的歌曲，评论总页码为：4
2018-06-19 12:14:04,595 - connectionpool.py - [line:208] - DEBUG :Starting new HTTP connection (1): music.163.com
2018-06-19 12:14:04,595 - cloud_music.py - [line:44] - DEBUG :post data is:{'rid': 'R_SO_4_5398943', 'total': 'true', 'limit': 20, 'csrf_token': '', 'offset': 20}
2018-06-19 12:14:04,618 - multi.py - [line:151] - INFO :ids 为18504434的歌曲，评论总页码为：2
2018-06-19 12:14:04,627 - multi.py - [line:151] - INFO :ids 为33085040的歌曲，评论总页码为：28
2018-06-19 12:14:04,627 - cloud_music.py - [line:44] - DEBUG :post data is:{'rid': 'R_SO_4_28171897', 'total': 'true', 'limit': 20, 'csrf_token': '', 'offset': 20}
2018-06-19 12:14:04,635 - multi.py - [line:151] - INFO :ids 为22547863的歌曲，评论总页码为：11
2018-06-19 12:14:04,654 - cloud_music.py - [line:44] - DEBUG :post data is:{'rid': 'R_SO_4_18504434', 'total': 'true', 'limit': 20, 'csrf_token': '', 'offset': 20}
2018-06-19 12:14:04,663 - cloud_music.py - [line:44] - DEBUG :post data is:{'rid': 'R_SO_4_33085040', 'total': 'true', 'limit': 20, 'csrf_token': '', 'offset': 20}
2018-06-19 12:14:04,668 - cloud_music.py - [line:44] - DEBUG :post data is:{'rid': 'R_SO_4_22547863', 'total': 'true', 'limit': 20, 'csrf_token': '', 'offset': 20}
2018-06-19 12:14:04,694 - connectionpool.py - [line:208] - DEBUG :Starting new HTTP connection (1): music.163.com
2018-06-19 12:14:04,709 - connectionpool.py - [line:208] - DEBUG :Starting new HTTP connection (1): music.163.com
2018-06-19 12:14:04,713 - connectionpool.py - [line:208] - DEBUG :Starting new HTTP connection (1): music.163.com
2018-06-19 12:14:04,716 - connectionpool.py - [line:208] - DEBUG :Starting new HTTP connection (1): music.163.com
2018-06-19 12:14:04,719 - connectionpool.py - [line:208] - DEBUG :Starting new HTTP connection (1): music.163.com
2018-06-19 12:14:09,598 - connectionpool.py - [line:396] - DEBUG :http://music.163.com:80 "POST /weapi/v1/resource/comments/R_SO_4_17814164?csrf_token= HTTP/1.1" 200 None
2018-06-19 12:14:09,601 - connectionpool.py - [line:396] - DEBUG :http://music.163.com:80 "POST /weapi/v1/resource/comments/R_SO_4_28134449?csrf_token= HTTP/1.1" 200 None
2018-06-19 12:14:09,624 - multi.py - [line:151] - INFO :ids 为17814164的歌曲，评论总页码为：8
2018-06-19 12:14:09,631 - multi.py - [line:151] - INFO :ids 为28134449的歌曲，评论总页码为：44
2018-06-19 12:14:09,638 - cloud_music.py - [line:44] - DEBUG :post data is:{'rid': 'R_SO_4_17814164', 'total': 'true', 'limit': 20, 'csrf_token': '', 'offset': 20}
2018-06-19 12:14:09,641 - cloud_music.py - [line:44] - DEBUG :post data is:{'rid': 'R_SO_4_28134449', 'total': 'true', 'limit': 20, 'csrf_token': '', 'offset': 20}
2018-06-19 12:14:09,655 - connectionpool.py - [line:208] - DEBUG :Starting new HTTP connection (1): music.163.com
2018-06-19 12:14:09,657 - connectionpool.py - [line:208] - DEBUG :Starting new HTTP connection (1): music.163.com
2018-06-19 12:14:09,805 - connectionpool.py - [line:396] - DEBUG :http://music.163.com:80 "POST /weapi/v1/resource/comments/R_SO_4_31514325?csrf_token= HTTP/1.1" 200 None
2018-06-19 12:14:09,813 - multi.py - [line:161] - INFO :正在抓取ids=31514325第2页评论
2018-06-19 12:14:09,813 - multi.py - [line:168] - INFO :获取ids=31514325的song的第2页评论
2018-06-19 12:14:09,815 - cloud_music.py - [line:44] - DEBUG :post data is:{'rid': 'R_SO_4_31514325', 'total': 'true', 'limit': 20, 'csrf_token': '', 'offset': 40}
2018-06-19 12:14:09,822 - connectionpool.py - [line:208] - DEBUG :Starting new HTTP connection (1): music.163.com
2018-06-19 12:14:09,900 - connectionpool.py - [line:396] - DEBUG :http://music.163.com:80 "POST /weapi/v1/resource/comments/R_SO_4_18504434?csrf_token= HTTP/1.1" 200 None
2018-06-19 12:14:09,903 - connectionpool.py - [line:396] - DEBUG :http://music.163.com:80 "POST /weapi/v1/resource/comments/R_SO_4_458697647?csrf_token= HTTP/1.1" 200 None
2018-06-19 12:14:09,920 - connectionpool.py - [line:396] - DEBUG :http://music.163.com:80 "POST /weapi/v1/resource/comments/R_SO_4_33085040?csrf_token= HTTP/1.1" 200 None
2018-06-19 12:14:09,933 - multi.py - [line:161] - INFO :正在抓取ids=33085040第2页评论
2018-06-19 12:14:09,934 - multi.py - [line:168] - INFO :获取ids=33085040的song的第2页评论
2018-06-19 12:14:09,934 - connectionpool.py - [line:396] - DEBUG :http://music.163.com:80 "POST /weapi/v1/resource/comments/R_SO_4_22547863?csrf_token= HTTP/1.1" 200 None
2018-06-19 12:14:09,936 - cloud_music.py - [line:44] - DEBUG :post data is:{'rid': 'R_SO_4_33085040', 'total': 'true', 'limit': 20, 'csrf_token': '', 'offset': 40}
2018-06-19 12:14:09,937 - connectionpool.py - [line:396] - DEBUG :http://music.163.com:80 "POST /weapi/v1/resource/comments/R_SO_4_17814164?csrf_token= HTTP/1.1" 200 None
2018-06-19 12:14:09,961 - connectionpool.py - [line:396] - DEBUG :http://music.163.com:80 "POST /weapi/v1/resource/comments/R_SO_4_28171897?csrf_token= HTTP/1.1" 200 None
2018-06-19 12:14:09,966 - connectionpool.py - [line:208] - DEBUG :Starting new HTTP connection (1): music.163.com
2018-06-19 12:14:09,970 - multi.py - [line:161] - INFO :正在抓取ids=22547863第2页评论
2018-06-19 12:14:09,973 - multi.py - [line:168] - INFO :获取ids=22547863的song的第2页评论
2018-06-19 12:14:09,976 - cloud_music.py - [line:44] - DEBUG :post data is:{'rid': 'R_SO_4_22547863', 'total': 'true', 'limit': 20, 'csrf_token': '', 'offset': 40}
2018-06-19 12:14:09,977 - multi.py - [line:161] - INFO :正在抓取ids=17814164第2页评论
2018-06-19 12:14:09,982 - multi.py - [line:168] - INFO :获取ids=17814164的song的第2页评论
2018-06-19 12:14:09,983 - cloud_music.py - [line:44] - DEBUG :post data is:{'rid': 'R_SO_4_17814164', 'total': 'true', 'limit': 20, 'csrf_token': '', 'offset': 40}
2018-06-19 12:14:09,993 - connectionpool.py - [line:396] - DEBUG :http://music.163.com:80 "POST /weapi/v1/resource/comments/R_SO_4_28134449?csrf_token= HTTP/1.1" 200 None
2018-06-19 12:14:10,003 - multi.py - [line:161] - INFO :正在抓取ids=28171897第2页评论
2018-06-19 12:14:10,006 - multi.py - [line:168] - INFO :获取ids=28171897的song的第2页评论
2018-06-19 12:14:10,007 - cloud_music.py - [line:44] - DEBUG :post data is:{'rid': 'R_SO_4_28171897', 'total': 'true', 'limit': 20, 'csrf_token': '', 'offset': 40}
2018-06-19 12:14:10,010 - connectionpool.py - [line:208] - DEBUG :Starting new HTTP connection (1): music.163.com
2018-06-19 12:14:10,016 - connectionpool.py - [line:208] - DEBUG :Starting new HTTP connection (1): music.163.com
2018-06-19 12:14:10,020 - connectionpool.py - [line:208] - DEBUG :Starting new HTTP connection (1): music.163.com
2018-06-19 12:14:15,322 - connectionpool.py - [line:396] - DEBUG :http://music.163.com:80 "POST /weapi/v1/resource/comments/R_SO_4_31514325?csrf_token= HTTP/1.1" 200 None
2018-06-19 12:14:15,322 - connectionpool.py - [line:396] - DEBUG :http://music.163.com:80 "POST /weapi/v1/resource/comments/R_SO_4_5398943?csrf_token= HTTP/1.1" 200 None
2018-06-19 12:14:15,329 - multi.py - [line:161] - INFO :正在抓取ids=28134449第2页评论
2018-06-19 12:14:15,332 - multi.py - [line:168] - INFO :获取ids=28134449的song的第2页评论
2018-06-19 12:14:15,335 - cloud_music.py - [line:44] - DEBUG :post data is:{'rid': 'R_SO_4_28134449', 'total': 'true', 'limit': 20, 'csrf_token': '', 'offset': 40}
2018-06-19 12:14:15,368 - multi.py - [line:161] - INFO :正在抓取ids=18504434第2页评论
2018-06-19 12:14:15,374 - multi.py - [line:168] - INFO :获取ids=18504434的song的第2页评论
2018-06-19 12:14:15,378 - multi.py - [line:161] - INFO :正在抓取ids=31514325第3页评论
2018-06-19 12:14:15,384 - multi.py - [line:174] - INFO :得到2页评论中的2页评论，准备合并评论
2018-06-19 12:14:15,384 - multi.py - [line:168] - INFO :获取ids=31514325的song的第3页评论
2018-06-19 12:14:15,391 - multi.py - [line:161] - INFO :正在抓取ids=5398943第2页评论
2018-06-19 12:14:15,392 - connectionpool.py - [line:208] - DEBUG :Starting new HTTP connection (1): music.163.com
2018-06-19 12:14:15,394 - cloud_music.py - [line:44] - DEBUG :post data is:{'rid': 'R_SO_4_31514325', 'total': 'true', 'limit': 20, 'csrf_token': '', 'offset': 60}
2018-06-19 12:14:15,394 - multi.py - [line:168] - INFO :获取ids=5398943的song的第2页评论
2018-06-19 12:14:15,403 - cloud_music.py - [line:44] - DEBUG :post data is:{'rid': 'R_SO_4_5398943', 'total': 'true', 'limit': 20, 'csrf_token': '', 'offset': 40}
2018-06-19 12:14:15,411 - multi.py - [line:161] - INFO :正在抓取ids=458697647第2页评论
2018-06-19 12:14:15,414 - multi.py - [line:168] - INFO :获取ids=458697647的song的第2页评论
2018-06-19 12:14:15,417 - cloud_music.py - [line:44] - DEBUG :post data is:{'rid': 'R_SO_4_458697647', 'total': 'true', 'limit': 20, 'csrf_token': '', 'offset': 40}
2018-06-19 12:14:15,447 - connectionpool.py - [line:208] - DEBUG :Starting new HTTP connection (1): music.163.com
2018-06-19 12:14:15,451 - connectionpool.py - [line:208] - DEBUG :Starting new HTTP connection (1): music.163.com
2018-06-19 12:14:15,459 - connectionpool.py - [line:208] - DEBUG :Starting new HTTP connection (1): music.163.com
2018-06-19 12:14:15,486 - connectionpool.py - [line:396] - DEBUG :http://music.163.com:80 "POST /weapi/v1/resource/comments/R_SO_4_33085040?csrf_token= HTTP/1.1" 200 None
2018-06-19 12:14:15,497 - multi.py - [line:161] - INFO :正在抓取ids=33085040第3页评论
2018-06-19 12:14:15,499 - multi.py - [line:168] - INFO :获取ids=33085040的song的第3页评论
2018-06-19 12:14:15,500 - cloud_music.py - [line:44] - DEBUG :post data is:{'rid': 'R_SO_4_33085040', 'total': 'true', 'limit': 20, 'csrf_token': '', 'offset': 60}
2018-06-19 12:14:15,510 - connectionpool.py - [line:396] - DEBUG :http://music.163.com:80 "POST /weapi/v1/resource/comments/R_SO_4_17814164?csrf_token= HTTP/1.1" 200 None
2018-06-19 12:14:15,522 - My_MySQL.py - [line:42] - INFO :fetchall count is：2
2018-06-19 12:14:15,525 - connectionpool.py - [line:396] - DEBUG :http://music.163.com:80 "POST /weapi/v1/resource/comments/R_SO_4_22547863?csrf_token= HTTP/1.1" 200 None
2018-06-19 12:14:15,535 - mysql.py - [line:221] - INFO :successfully update_table_song comments
2018-06-19 12:14:15,589 - connectionpool.py - [line:396] - DEBUG :http://music.163.com:80 "POST /weapi/v1/resource/comments/R_SO_4_28171897?csrf_token= HTTP/1.1" 200 None
2018-06-19 12:14:15,596 - connectionpool.py - [line:208] - DEBUG :Starting new HTTP connection (1): music.163.com
2018-06-19 12:14:15,598 - cloud_music.py - [line:44] - DEBUG :post data is:{'rid': 'R_SO_4_538793539', 'total': 'true', 'limit': 20, 'csrf_token': '', 'offset': 0}
2018-06-19 12:14:15,621 - connectionpool.py - [line:396] - DEBUG :http://music.163.com:80 "POST /weapi/v1/resource/comments/R_SO_4_28134449?csrf_token= HTTP/1.1" 200 None
2018-06-19 12:14:15,632 - multi.py - [line:161] - INFO :正在抓取ids=17814164第3页评论
2018-06-19 12:14:15,637 - multi.py - [line:168] - INFO :获取ids=17814164的song的第3页评论
2018-06-19 12:14:15,642 - cloud_music.py - [line:44] - DEBUG :post data is:{'rid': 'R_SO_4_17814164', 'total': 'true', 'limit': 20, 'csrf_token': '', 'offset': 60}
2018-06-19 12:14:15,645 - multi.py - [line:161] - INFO :正在抓取ids=22547863第3页评论
2018-06-19 12:14:15,650 - multi.py - [line:168] - INFO :获取ids=22547863的song的第3页评论
2018-06-19 12:14:15,653 - connectionpool.py - [line:208] - DEBUG :Starting new HTTP connection (1): music.163.com
2018-06-19 12:14:15,654 - cloud_music.py - [line:44] - DEBUG :post data is:{'rid': 'R_SO_4_22547863', 'total': 'true', 'limit': 20, 'csrf_token': '', 'offset': 60}
2018-06-19 12:14:15,657 - multi.py - [line:161] - INFO :正在抓取ids=28171897第3页评论
2018-06-19 12:14:15,661 - multi.py - [line:168] - INFO :获取ids=28171897的song的第3页评论
2018-06-19 12:14:15,664 - cloud_music.py - [line:44] - DEBUG :post data is:{'rid': 'R_SO_4_28171897', 'total': 'true', 'limit': 20, 'csrf_token': '', 'offset': 60}
2018-06-19 12:14:15,684 - multi.py - [line:161] - INFO :正在抓取ids=28134449第3页评论
2018-06-19 12:14:15,688 - multi.py - [line:168] - INFO :获取ids=28134449的song的第3页评论
2018-06-19 12:14:15,693 - cloud_music.py - [line:44] - DEBUG :post data is:{'rid': 'R_SO_4_28134449', 'total': 'true', 'limit': 20, 'csrf_token': '', 'offset': 60}
2018-06-19 12:14:15,693 - connectionpool.py - [line:208] - DEBUG :Starting new HTTP connection (1): music.163.com
2018-06-19 12:14:15,704 - connectionpool.py - [line:208] - DEBUG :Starting new HTTP connection (1): music.163.com
2018-06-19 12:14:15,711 - connectionpool.py - [line:208] - DEBUG :Starting new HTTP connection (1): music.163.com
2018-06-19 12:14:15,719 - connectionpool.py - [line:208] - DEBUG :Starting new HTTP connection (1): music.163.com
2018-06-19 12:14:25,717 - connectionpool.py - [line:396] - DEBUG :http://music.163.com:80 "POST /weapi/v1/resource/comments/R_SO_4_458697647?csrf_token= HTTP/1.1" 200 None
2018-06-19 12:14:25,730 - multi.py - [line:161] - INFO :正在抓取ids=458697647第3页评论
2018-06-19 12:14:25,732 - multi.py - [line:168] - INFO :获取ids=458697647的song的第3页评论
2018-06-19 12:14:25,732 - cloud_music.py - [line:44] - DEBUG :post data is:{'rid': 'R_SO_4_458697647', 'total': 'true', 'limit': 20, 'csrf_token': '', 'offset': 60}
2018-06-19 12:14:25,739 - connectionpool.py - [line:208] - DEBUG :Starting new HTTP connection (1): music.163.com
2018-06-19 12:14:25,772 - connectionpool.py - [line:396] - DEBUG :http://music.163.com:80 "POST /weapi/v1/resource/comments/R_SO_4_33085040?csrf_token= HTTP/1.1" 200 None
2018-06-19 12:14:30,993 - connectionpool.py - [line:396] - DEBUG :http://music.163.com:80 "POST /weapi/v1/resource/comments/R_SO_4_17814164?csrf_token= HTTP/1.1" 200 None
2018-06-19 12:14:30,996 - connectionpool.py - [line:396] - DEBUG :http://music.163.com:80 "POST /weapi/v1/resource/comments/R_SO_4_538793539?csrf_token= HTTP/1.1" 200 None
2018-06-19 12:14:31,000 - connectionpool.py - [line:396] - DEBUG :http://music.163.com:80 "POST /weapi/v1/resource/comments/R_SO_4_28171897?csrf_token= HTTP/1.1" 200 None
2018-06-19 12:14:31,003 - connectionpool.py - [line:396] - DEBUG :http://music.163.com:80 "POST /weapi/v1/resource/comments/R_SO_4_22547863?csrf_token= HTTP/1.1" 200 None
2018-06-19 12:14:31,003 - connectionpool.py - [line:396] - DEBUG :http://music.163.com:80 "POST /weapi/v1/resource/comments/R_SO_4_28134449?csrf_token= HTTP/1.1" 200 None
2018-06-19 12:14:31,019 - multi.py - [line:151] - INFO :ids 为538793539的歌曲，评论总页码为：4
2018-06-19 12:14:31,026 - connectionpool.py - [line:396] - DEBUG :http://music.163.com:80 "POST /weapi/v1/resource/comments/R_SO_4_5057315?csrf_token= HTTP/1.1" 200 None
2018-06-19 12:14:31,028 - connectionpool.py - [line:396] - DEBUG :http://music.163.com:80 "POST /weapi/v1/resource/comments/R_SO_4_2416908?csrf_token= HTTP/1.1" 200 None
2018-06-19 12:14:31,036 - cloud_music.py - [line:44] - DEBUG :post data is:{'rid': 'R_SO_4_538793539', 'total': 'true', 'limit': 20, 'csrf_token': '', 'offset': 20}
2018-06-19 12:14:31,058 - multi.py - [line:161] - INFO :正在抓取ids=28171897第4页评论
2018-06-19 12:14:31,065 - multi.py - [line:168] - INFO :获取ids=28171897的song的第4页评论
2018-06-19 12:14:31,072 - multi.py - [line:161] - INFO :正在抓取ids=33085040第4页评论
2018-06-19 12:14:31,073 - multi.py - [line:174] - INFO :得到4页评论中的4页评论，准备合并评论
2018-06-19 12:14:31,075 - multi.py - [line:161] - INFO :正在抓取ids=28134449第4页评论
2018-06-19 12:14:31,081 - multi.py - [line:168] - INFO :获取ids=33085040的song的第4页评论
2018-06-19 12:14:31,081 - multi.py - [line:151] - INFO :ids 为2416908的歌曲，评论总页码为：25
2018-06-19 12:14:31,082 - multi.py - [line:151] - INFO :ids 为5057315的歌曲，评论总页码为：3
2018-06-19 12:14:31,085 - connectionpool.py - [line:208] - DEBUG :Starting new HTTP connection (1): music.163.com
2018-06-19 12:14:31,085 - multi.py - [line:168] - INFO :获取ids=28134449的song的第4页评论
2018-06-19 12:14:31,086 - cloud_music.py - [line:44] - DEBUG :post data is:{'rid': 'R_SO_4_33085040', 'total': 'true', 'limit': 20, 'csrf_token': '', 'offset': 80}
2018-06-19 12:14:31,098 - cloud_music.py - [line:44] - DEBUG :post data is:{'rid': 'R_SO_4_28134449', 'total': 'true', 'limit': 20, 'csrf_token': '', 'offset': 80}
2018-06-19 12:14:31,109 - cloud_music.py - [line:44] - DEBUG :post data is:{'rid': 'R_SO_4_2416908', 'total': 'true', 'limit': 20, 'csrf_token': '', 'offset': 20}
2018-06-19 12:14:31,112 - cloud_music.py - [line:44] - DEBUG :post data is:{'rid': 'R_SO_4_5057315', 'total': 'true', 'limit': 20, 'csrf_token': '', 'offset': 20}
2018-06-19 12:14:31,144 - connectionpool.py - [line:208] - DEBUG :Starting new HTTP connection (1): music.163.com
2018-06-19 12:14:31,145 - connectionpool.py - [line:208] - DEBUG :Starting new HTTP connection (1): music.163.com
2018-06-19 12:14:31,161 - connectionpool.py - [line:208] - DEBUG :Starting new HTTP connection (1): music.163.com
2018-06-19 12:14:31,161 - connectionpool.py - [line:208] - DEBUG :Starting new HTTP connection (1): music.163.com
2018-06-19 12:14:31,201 - connectionpool.py - [line:396] - DEBUG :http://music.163.com:80 "POST /weapi/v1/resource/comments/R_SO_4_458697647?csrf_token= HTTP/1.1" 200 None
2018-06-19 12:14:31,203 - My_MySQL.py - [line:42] - INFO :fetchall count is：2
2018-06-19 12:14:31,206 - mysql.py - [line:221] - INFO :successfully update_table_song comments
2018-06-19 12:14:31,217 - cloud_music.py - [line:44] - DEBUG :post data is:{'rid': 'R_SO_4_453189381', 'total': 'true', 'limit': 20, 'csrf_token': '', 'offset': 0}
2018-06-19 12:14:31,217 - multi.py - [line:161] - INFO :正在抓取ids=458697647第4页评论
2018-06-19 12:14:31,220 - multi.py - [line:168] - INFO :获取ids=458697647的song的第4页评论
2018-06-19 12:14:31,221 - cloud_music.py - [line:44] - DEBUG :post data is:{'rid': 'R_SO_4_458697647', 'total': 'true', 'limit': 20, 'csrf_token': '', 'offset': 80}
2018-06-19 12:14:31,236 - connectionpool.py - [line:208] - DEBUG :Starting new HTTP connection (1): music.163.com
2018-06-19 12:14:31,240 - connectionpool.py - [line:208] - DEBUG :Starting new HTTP connection (1): music.163.com
2018-06-19 12:14:31,336 - connectionpool.py - [line:396] - DEBUG :http://music.163.com:80 "POST /weapi/v1/resource/comments/R_SO_4_538793539?csrf_token= HTTP/1.1" 200 None
2018-06-19 12:14:31,364 - connectionpool.py - [line:396] - DEBUG :http://music.163.com:80 "POST /weapi/v1/resource/comments/R_SO_4_2416908?csrf_token= HTTP/1.1" 200 None
2018-06-19 12:14:31,372 - multi.py - [line:161] - INFO :正在抓取ids=538793539第2页评论
2018-06-19 12:14:31,374 - multi.py - [line:168] - INFO :获取ids=538793539的song的第2页评论
2018-06-19 12:14:31,374 - cloud_music.py - [line:44] - DEBUG :post data is:{'rid': 'R_SO_4_538793539', 'total': 'true', 'limit': 20, 'csrf_token': '', 'offset': 40}
2018-06-19 12:14:31,381 - connectionpool.py - [line:208] - DEBUG :Starting new HTTP connection (1): music.163.com
2018-06-19 12:14:36,447 - multi.py - [line:161] - INFO :正在抓取ids=2416908第2页评论
2018-06-19 12:14:36,450 - multi.py - [line:168] - INFO :获取ids=2416908的song的第2页评论
2018-06-19 12:14:36,451 - cloud_music.py - [line:44] - DEBUG :post data is:{'rid': 'R_SO_4_2416908', 'total': 'true', 'limit': 20, 'csrf_token': '', 'offset': 40}
2018-06-19 12:14:36,451 - connectionpool.py - [line:396] - DEBUG :http://music.163.com:80 "POST /weapi/v1/resource/comments/R_SO_4_28134449?csrf_token= HTTP/1.1" 200 None
2018-06-19 12:14:36,463 - connectionpool.py - [line:396] - DEBUG :http://music.163.com:80 "POST /weapi/v1/resource/comments/R_SO_4_33085040?csrf_token= HTTP/1.1" 200 None
2018-06-19 12:14:36,476 - connectionpool.py - [line:208] - DEBUG :Starting new HTTP connection (1): music.163.com
2018-06-19 12:14:36,513 - multi.py - [line:161] - INFO :正在抓取ids=33085040第5页评论
2018-06-19 12:14:36,513 - multi.py - [line:168] - INFO :获取ids=33085040的song的第5页评论
2018-06-19 12:14:36,516 - multi.py - [line:174] - INFO :得到5页评论中的5页评论，准备合并评论
2018-06-19 12:14:36,558 - connectionpool.py - [line:396] - DEBUG :http://music.163.com:80 "POST /weapi/v1/resource/comments/R_SO_4_458697647?csrf_token= HTTP/1.1" 200 None
2018-06-19 12:14:36,802 - My_MySQL.py - [line:42] - INFO :fetchall count is：2
2018-06-19 12:14:36,803 - mysql.py - [line:221] - INFO :successfully update_table_song comments
2018-06-19 12:14:36,812 - cloud_music.py - [line:44] - DEBUG :post data is:{'rid': 'R_SO_4_475207414', 'total': 'true', 'limit': 20, 'csrf_token': '', 'offset': 0}
2018-06-19 12:14:36,819 - connectionpool.py - [line:208] - DEBUG :Starting new HTTP connection (1): music.163.com
2018-06-19 12:14:41,473 - connectionpool.py - [line:396] - DEBUG :http://music.163.com:80 "POST /weapi/v1/resource/comments/R_SO_4_453189381?csrf_token= HTTP/1.1" 200 None
2018-06-19 12:14:41,477 - multi.py - [line:161] - INFO :正在抓取ids=458697647第5页评论
2018-06-19 12:14:41,480 - multi.py - [line:168] - INFO :获取ids=458697647的song的第5页评论
2018-06-19 12:14:41,486 - multi.py - [line:151] - INFO :ids 为453189381的歌曲，评论总页码为：9
2018-06-19 12:14:41,493 - cloud_music.py - [line:44] - DEBUG :post data is:{'rid': 'R_SO_4_453189381', 'total': 'true', 'limit': 20, 'csrf_token': '', 'offset': 20}
2018-06-19 12:14:41,500 - connectionpool.py - [line:396] - DEBUG :http://music.163.com:80 "POST /weapi/v1/resource/comments/R_SO_4_31514325?csrf_token= HTTP/1.1" 200 None
2018-06-19 12:14:41,506 - connectionpool.py - [line:396] - DEBUG :http://music.163.com:80 "POST /weapi/v1/resource/comments/R_SO_4_5398943?csrf_token= HTTP/1.1" 200 None
2018-06-19 12:14:41,509 - multi.py - [line:174] - INFO :得到5页评论中的5页评论，准备合并评论
2018-06-19 12:14:41,512 - connectionpool.py - [line:208] - DEBUG :Starting new HTTP connection (1): music.163.com
2018-06-19 12:14:41,569 - multi.py - [line:161] - INFO :正在抓取ids=5398943第3页评论
2018-06-19 12:14:41,569 - multi.py - [line:168] - INFO :获取ids=5398943的song的第3页评论
2018-06-19 12:14:41,571 - cloud_music.py - [line:44] - DEBUG :post data is:{'rid': 'R_SO_4_5398943', 'total': 'true', 'limit': 20, 'csrf_token': '', 'offset': 60}
2018-06-19 12:14:41,578 - connectionpool.py - [line:208] - DEBUG :Starting new HTTP connection (1): music.163.com
2018-06-19 12:14:41,612 - connectionpool.py - [line:396] - DEBUG :http://music.163.com:80 "POST /weapi/v1/resource/comments/R_SO_4_475207414?csrf_token= HTTP/1.1" 200 None
2018-06-19 12:14:41,621 - connectionpool.py - [line:396] - DEBUG :http://music.163.com:80 "POST /weapi/v1/resource/comments/R_SO_4_538793539?csrf_token= HTTP/1.1" 200 None
2018-06-19 12:14:41,625 - multi.py - [line:151] - INFO :ids 为475207414的歌曲，评论总页码为：582
2018-06-19 12:14:41,638 - connectionpool.py - [line:396] - DEBUG :http://music.163.com:80 "POST /weapi/v1/resource/comments/R_SO_4_2416908?csrf_token= HTTP/1.1" 200 None
2018-06-19 12:14:41,648 - cloud_music.py - [line:44] - DEBUG :post data is:{'rid': 'R_SO_4_475207414', 'total': 'true', 'limit': 20, 'csrf_token': '', 'offset': 20}
2018-06-19 12:14:41,674 - multi.py - [line:161] - INFO :正在抓取ids=538793539第3页评论
2018-06-19 12:14:41,676 - multi.py - [line:168] - INFO :获取ids=538793539的song的第3页评论
2018-06-19 12:14:41,677 - cloud_music.py - [line:44] - DEBUG :post data is:{'rid': 'R_SO_4_538793539', 'total': 'true', 'limit': 20, 'csrf_token': '', 'offset': 60}
2018-06-19 12:14:41,677 - connectionpool.py - [line:208] - DEBUG :Starting new HTTP connection (1): music.163.com
2018-06-19 12:14:41,680 - My_MySQL.py - [line:42] - INFO :fetchall count is：2
2018-06-19 12:14:41,683 - mysql.py - [line:221] - INFO :successfully update_table_song comments
2018-06-19 12:14:41,697 - connectionpool.py - [line:208] - DEBUG :Starting new HTTP connection (1): music.163.com
2018-06-19 12:14:41,701 - cloud_music.py - [line:44] - DEBUG :post data is:{'rid': 'R_SO_4_29491859', 'total': 'true', 'limit': 20, 'csrf_token': '', 'offset': 0}
2018-06-19 12:14:41,709 - connectionpool.py - [line:208] - DEBUG :Starting new HTTP connection (1): music.163.com
2018-06-19 12:14:41,717 - connectionpool.py - [line:396] - DEBUG :http://music.163.com:80 "POST /weapi/v1/resource/comments/R_SO_4_5398943?csrf_token= HTTP/1.1" 200 None
2018-06-19 12:14:41,720 - multi.py - [line:161] - INFO :正在抓取ids=5398943第4页评论
2018-06-19 12:14:41,721 - multi.py - [line:168] - INFO :获取ids=5398943的song的第4页评论
2018-06-19 12:14:41,727 - multi.py - [line:174] - INFO :得到4页评论中的4页评论，准备合并评论
2018-06-19 12:14:41,776 - connectionpool.py - [line:396] - DEBUG :http://music.163.com:80 "POST /weapi/v1/resource/comments/R_SO_4_453189381?csrf_token= HTTP/1.1" 200 None
2018-06-19 12:14:41,780 - multi.py - [line:161] - INFO :正在抓取ids=31514325第4页评论
2018-06-19 12:14:41,782 - multi.py - [line:168] - INFO :获取ids=31514325的song的第4页评论
2018-06-19 12:14:41,782 - cloud_music.py - [line:44] - DEBUG :post data is:{'rid': 'R_SO_4_31514325', 'total': 'true', 'limit': 20, 'csrf_token': '', 'offset': 80}
2018-06-19 12:14:41,798 - multi.py - [line:161] - INFO :正在抓取ids=453189381第2页评论
2018-06-19 12:14:41,799 - multi.py - [line:168] - INFO :获取ids=453189381的song的第2页评论
2018-06-19 12:14:41,799 - cloud_music.py - [line:44] - DEBUG :post data is:{'rid': 'R_SO_4_453189381', 'total': 'true', 'limit': 20, 'csrf_token': '', 'offset': 40}
2018-06-19 12:14:41,805 - connectionpool.py - [line:208] - DEBUG :Starting new HTTP connection (1): music.163.com
2018-06-19 12:14:41,813 - connectionpool.py - [line:208] - DEBUG :Starting new HTTP connection (1): music.163.com
2018-06-19 12:14:41,868 - My_MySQL.py - [line:42] - INFO :fetchall count is：2
2018-06-19 12:14:41,868 - mysql.py - [line:221] - INFO :successfully update_table_song comments
2018-06-19 12:14:41,878 - cloud_music.py - [line:44] - DEBUG :post data is:{'rid': 'R_SO_4_454698378', 'total': 'true', 'limit': 20, 'csrf_token': '', 'offset': 0}
2018-06-19 12:14:41,884 - connectionpool.py - [line:396] - DEBUG :http://music.163.com:80 "POST /weapi/v1/resource/comments/R_SO_4_538793539?csrf_token= HTTP/1.1" 200 None
2018-06-19 12:14:41,888 - connectionpool.py - [line:396] - DEBUG :http://music.163.com:80 "POST /weapi/v1/resource/comments/R_SO_4_475207414?csrf_token= HTTP/1.1" 200 None
2018-06-19 12:14:41,907 - multi.py - [line:161] - INFO :正在抓取ids=2416908第3页评论
2018-06-19 12:14:41,910 - multi.py - [line:168] - INFO :获取ids=2416908的song的第3页评论
2018-06-19 12:14:41,914 - cloud_music.py - [line:44] - DEBUG :post data is:{'rid': 'R_SO_4_2416908', 'total': 'true', 'limit': 20, 'csrf_token': '', 'offset': 60}
2018-06-19 12:14:41,936 - multi.py - [line:161] - INFO :正在抓取ids=538793539第4页评论
2018-06-19 12:14:41,937 - connectionpool.py - [line:396] - DEBUG :http://music.163.com:80 "POST /weapi/v1/resource/comments/R_SO_4_29491859?csrf_token= HTTP/1.1" 200 None
2018-06-19 12:14:41,937 - connectionpool.py - [line:208] - DEBUG :Starting new HTTP connection (1): music.163.com
2018-06-19 12:14:41,941 - multi.py - [line:168] - INFO :获取ids=538793539的song的第4页评论
2018-06-19 12:14:41,950 - multi.py - [line:174] - INFO :得到4页评论中的4页评论，准备合并评论
2018-06-19 12:14:41,951 - multi.py - [line:161] - INFO :正在抓取ids=475207414第2页评论
2018-06-19 12:14:41,959 - multi.py - [line:168] - INFO :获取ids=475207414的song的第2页评论
2018-06-19 12:14:41,961 - cloud_music.py - [line:44] - DEBUG :post data is:{'rid': 'R_SO_4_475207414', 'total': 'true', 'limit': 20, 'csrf_token': '', 'offset': 40}
2018-06-19 12:14:41,971 - connectionpool.py - [line:208] - DEBUG :Starting new HTTP connection (1): music.163.com
2018-06-19 12:14:41,983 - multi.py - [line:151] - INFO :ids 为29491859的歌曲，评论总页码为：323
2018-06-19 12:14:41,992 - connectionpool.py - [line:396] - DEBUG :http://music.163.com:80 "POST /weapi/v1/resource/comments/R_SO_4_453189381?csrf_token= HTTP/1.1" 200 None
2018-06-19 12:14:42,005 - cloud_music.py - [line:44] - DEBUG :post data is:{'rid': 'R_SO_4_29491859', 'total': 'true', 'limit': 20, 'csrf_token': '', 'offset': 20}
2018-06-19 12:14:42,010 - connectionpool.py - [line:208] - DEBUG :Starting new HTTP connection (1): music.163.com
2018-06-19 12:14:42,032 - connectionpool.py - [line:396] - DEBUG :http://music.163.com:80 "POST /weapi/v1/resource/comments/R_SO_4_31514325?csrf_token= HTTP/1.1" 200 None
2018-06-19 12:14:42,033 - multi.py - [line:161] - INFO :正在抓取ids=453189381第3页评论
2018-06-19 12:14:42,036 - multi.py - [line:168] - INFO :获取ids=453189381的song的第3页评论
2018-06-19 12:14:42,039 - cloud_music.py - [line:44] - DEBUG :post data is:{'rid': 'R_SO_4_453189381', 'total': 'true', 'limit': 20, 'csrf_token': '', 'offset': 60}
2018-06-19 12:14:42,039 - connectionpool.py - [line:208] - DEBUG :Starting new HTTP connection (1): music.163.com
2018-06-19 12:14:42,068 - multi.py - [line:161] - INFO :正在抓取ids=31514325第5页评论
2018-06-19 12:14:42,069 - multi.py - [line:168] - INFO :获取ids=31514325的song的第5页评论
2018-06-19 12:14:42,071 - connectionpool.py - [line:208] - DEBUG :Starting new HTTP connection (1): music.163.com
2018-06-19 12:14:42,075 - multi.py - [line:174] - INFO :得到5页评论中的5页评论，准备合并评论
2018-06-19 12:14:42,171 - connectionpool.py - [line:396] - DEBUG :http://music.163.com:80 "POST /weapi/v1/resource/comments/R_SO_4_454698378?csrf_token= HTTP/1.1" 200 None
2018-06-19 12:14:42,188 - multi.py - [line:151] - INFO :ids 为454698378的歌曲，评论总页码为：105
2018-06-19 12:14:42,197 - connectionpool.py - [line:396] - DEBUG :http://music.163.com:80 "POST /weapi/v1/resource/comments/R_SO_4_2416908?csrf_token= HTTP/1.1" 200 None
2018-06-19 12:14:42,206 - connectionpool.py - [line:396] - DEBUG :http://music.163.com:80 "POST /weapi/v1/resource/comments/R_SO_4_475207414?csrf_token= HTTP/1.1" 200 None
2018-06-19 12:14:42,207 - connectionpool.py - [line:396] - DEBUG :http://music.163.com:80 "POST /weapi/v1/resource/comments/R_SO_4_29491859?csrf_token= HTTP/1.1" 200 None
2018-06-19 12:14:42,211 - cloud_music.py - [line:44] - DEBUG :post data is:{'rid': 'R_SO_4_454698378', 'total': 'true', 'limit': 20, 'csrf_token': '', 'offset': 20}
2018-06-19 12:14:42,260 - connectionpool.py - [line:208] - DEBUG :Starting new HTTP connection (1): music.163.com
2018-06-19 12:14:42,265 - multi.py - [line:161] - INFO :正在抓取ids=2416908第4页评论
2018-06-19 12:14:42,269 - multi.py - [line:161] - INFO :正在抓取ids=475207414第3页评论
2018-06-19 12:14:42,269 - multi.py - [line:168] - INFO :获取ids=2416908的song的第4页评论
2018-06-19 12:14:42,273 - multi.py - [line:168] - INFO :获取ids=475207414的song的第3页评论
2018-06-19 12:14:42,275 - cloud_music.py - [line:44] - DEBUG :post data is:{'rid': 'R_SO_4_2416908', 'total': 'true', 'limit': 20, 'csrf_token': '', 'offset': 80}
2018-06-19 12:14:42,275 - multi.py - [line:161] - INFO :正在抓取ids=29491859第2页评论
2018-06-19 12:14:42,276 - cloud_music.py - [line:44] - DEBUG :post data is:{'rid': 'R_SO_4_475207414', 'total': 'true', 'limit': 20, 'csrf_token': '', 'offset': 60}
2018-06-19 12:14:42,279 - multi.py - [line:168] - INFO :获取ids=29491859的song的第2页评论
2018-06-19 12:14:42,285 - cloud_music.py - [line:44] - DEBUG :post data is:{'rid': 'R_SO_4_29491859', 'total': 'true', 'limit': 20, 'csrf_token': '', 'offset': 40}
2018-06-19 12:14:42,312 - connectionpool.py - [line:396] - DEBUG :http://music.163.com:80 "POST /weapi/v1/resource/comments/R_SO_4_453189381?csrf_token= HTTP/1.1" 200 None
2018-06-19 12:14:42,322 - connectionpool.py - [line:208] - DEBUG :Starting new HTTP connection (1): music.163.com
2018-06-19 12:14:42,325 - connectionpool.py - [line:208] - DEBUG :Starting new HTTP connection (1): music.163.com
2018-06-19 12:14:42,331 - connectionpool.py - [line:208] - DEBUG :Starting new HTTP connection (1): music.163.com
2018-06-19 12:14:42,342 - multi.py - [line:161] - INFO :正在抓取ids=453189381第4页评论
2018-06-19 12:14:42,344 - multi.py - [line:168] - INFO :获取ids=453189381的song的第4页评论
2018-06-19 12:14:42,344 - cloud_music.py - [line:44] - DEBUG :post data is:{'rid': 'R_SO_4_453189381', 'total': 'true', 'limit': 20, 'csrf_token': '', 'offset': 80}
2018-06-19 12:14:42,351 - connectionpool.py - [line:208] - DEBUG :Starting new HTTP connection (1): music.163.com
2018-06-19 12:14:42,421 - connectionpool.py - [line:396] - DEBUG :http://music.163.com:80 "POST /weapi/v1/resource/comments/R_SO_4_454698378?csrf_token= HTTP/1.1" 200 None
2018-06-19 12:14:42,443 - multi.py - [line:161] - INFO :正在抓取ids=454698378第2页评论
2018-06-19 12:14:42,444 - multi.py - [line:168] - INFO :获取ids=454698378的song的第2页评论
2018-06-19 12:14:42,444 - cloud_music.py - [line:44] - DEBUG :post data is:{'rid': 'R_SO_4_454698378', 'total': 'true', 'limit': 20, 'csrf_token': '', 'offset': 40}
2018-06-19 12:14:42,448 - My_MySQL.py - [line:42] - INFO :fetchall count is：2
2018-06-19 12:14:42,450 - mysql.py - [line:221] - INFO :successfully update_table_song comments
2018-06-19 12:14:42,457 - connectionpool.py - [line:208] - DEBUG :Starting new HTTP connection (1): music.163.com
2018-06-19 12:14:42,463 - cloud_music.py - [line:44] - DEBUG :post data is:{'rid': 'R_SO_4_32785273', 'total': 'true', 'limit': 20, 'csrf_token': '', 'offset': 0}
2018-06-19 12:14:42,476 - connectionpool.py - [line:396] - DEBUG :http://music.163.com:80 "POST /weapi/v1/resource/comments/R_SO_4_475207414?csrf_token= HTTP/1.1" 200 None
2018-06-19 12:14:42,486 - connectionpool.py - [line:208] - DEBUG :Starting new HTTP connection (1): music.163.com
2018-06-19 12:14:42,500 - multi.py - [line:161] - INFO :正在抓取ids=475207414第4页评论
2018-06-19 12:14:42,500 - connectionpool.py - [line:396] - DEBUG :http://music.163.com:80 "POST /weapi/v1/resource/comments/R_SO_4_453189381?csrf_token= HTTP/1.1" 200 None
2018-06-19 12:14:42,500 - multi.py - [line:168] - INFO :获取ids=475207414的song的第4页评论
2018-06-19 12:14:42,503 - cloud_music.py - [line:44] - DEBUG :post data is:{'rid': 'R_SO_4_475207414', 'total': 'true', 'limit': 20, 'csrf_token': '', 'offset': 80}
2018-06-19 12:14:42,513 - connectionpool.py - [line:396] - DEBUG :http://music.163.com:80 "POST /weapi/v1/resource/comments/R_SO_4_29491859?csrf_token= HTTP/1.1" 200 None
2018-06-19 12:14:42,519 - My_MySQL.py - [line:42] - INFO :fetchall count is：2
2018-06-19 12:14:42,523 - mysql.py - [line:221] - INFO :successfully update_table_song comments
2018-06-19 12:14:42,539 - connectionpool.py - [line:396] - DEBUG :http://music.163.com:80 "POST /weapi/v1/resource/comments/R_SO_4_2416908?csrf_token= HTTP/1.1" 200 None
2018-06-19 12:14:42,546 - cloud_music.py - [line:44] - DEBUG :post data is:{'rid': 'R_SO_4_441489075', 'total': 'true', 'limit': 20, 'csrf_token': '', 'offset': 0}
2018-06-19 12:14:42,552 - multi.py - [line:161] - INFO :正在抓取ids=453189381第5页评论
2018-06-19 12:14:42,552 - connectionpool.py - [line:208] - DEBUG :Starting new HTTP connection (1): music.163.com
2018-06-19 12:14:42,558 - multi.py - [line:168] - INFO :获取ids=453189381的song的第5页评论
2018-06-19 12:14:42,566 - multi.py - [line:174] - INFO :得到5页评论中的5页评论，准备合并评论
2018-06-19 12:14:42,575 - multi.py - [line:161] - INFO :正在抓取ids=29491859第3页评论
2018-06-19 12:14:42,582 - multi.py - [line:168] - INFO :获取ids=29491859的song的第3页评论
2018-06-19 12:14:42,585 - cloud_music.py - [line:44] - DEBUG :post data is:{'rid': 'R_SO_4_29491859', 'total': 'true', 'limit': 20, 'csrf_token': '', 'offset': 60}
2018-06-19 12:14:42,604 - connectionpool.py - [line:396] - DEBUG :http://music.163.com:80 "POST /weapi/v1/resource/comments/R_SO_4_454698378?csrf_token= HTTP/1.1" 200 None
2018-06-19 12:14:42,608 - multi.py - [line:161] - INFO :正在抓取ids=2416908第5页评论
2018-06-19 12:14:42,609 - connectionpool.py - [line:208] - DEBUG :Starting new HTTP connection (1): music.163.com
2018-06-19 12:14:42,611 - multi.py - [line:168] - INFO :获取ids=2416908的song的第5页评论
2018-06-19 12:14:42,618 - multi.py - [line:174] - INFO :得到5页评论中的5页评论，准备合并评论
2018-06-19 12:14:42,641 - connectionpool.py - [line:208] - DEBUG :Starting new HTTP connection (1): music.163.com
2018-06-19 12:14:42,653 - multi.py - [line:161] - INFO :正在抓取ids=454698378第3页评论
2018-06-19 12:14:42,654 - multi.py - [line:168] - INFO :获取ids=454698378的song的第3页评论
2018-06-19 12:14:42,655 - cloud_music.py - [line:44] - DEBUG :post data is:{'rid': 'R_SO_4_454698378', 'total': 'true', 'limit': 20, 'csrf_token': '', 'offset': 60}
2018-06-19 12:14:42,661 - connectionpool.py - [line:208] - DEBUG :Starting new HTTP connection (1): music.163.com
2018-06-19 12:14:42,684 - My_MySQL.py - [line:42] - INFO :fetchall count is：4
2018-06-19 12:14:42,684 - mysql.py - [line:221] - INFO :successfully update_table_song comments
2018-06-19 12:14:42,691 - cloud_music.py - [line:44] - DEBUG :post data is:{'rid': 'R_SO_4_496902057', 'total': 'true', 'limit': 20, 'csrf_token': '', 'offset': 0}
2018-06-19 12:14:42,700 - connectionpool.py - [line:208] - DEBUG :Starting new HTTP connection (1): music.163.com
2018-06-19 12:14:42,703 - connectionpool.py - [line:396] - DEBUG :http://music.163.com:80 "POST /weapi/v1/resource/comments/R_SO_4_475207414?csrf_token= HTTP/1.1" 200 None
2018-06-19 12:14:42,716 - multi.py - [line:161] - INFO :正在抓取ids=475207414第5页评论
2018-06-19 12:14:42,717 - multi.py - [line:168] - INFO :获取ids=475207414的song的第5页评论
2018-06-19 12:14:42,720 - multi.py - [line:174] - INFO :得到5页评论中的5页评论，准备合并评论
2018-06-19 12:14:42,765 - connectionpool.py - [line:396] - DEBUG :http://music.163.com:80 "POST /weapi/v1/resource/comments/R_SO_4_32785273?csrf_token= HTTP/1.1" 200 None
2018-06-19 12:14:42,767 - My_MySQL.py - [line:42] - INFO :fetchall count is：2
2018-06-19 12:14:42,769 - connectionpool.py - [line:396] - DEBUG :http://music.163.com:80 "POST /weapi/v1/resource/comments/R_SO_4_441489075?csrf_token= HTTP/1.1" 200 None
2018-06-19 12:14:42,770 - mysql.py - [line:221] - INFO :successfully update_table_song comments
2018-06-19 12:14:42,788 - cloud_music.py - [line:44] - DEBUG :post data is:{'rid': 'R_SO_4_524148114', 'total': 'true', 'limit': 20, 'csrf_token': '', 'offset': 0}
2018-06-19 12:14:42,789 - multi.py - [line:151] - INFO :ids 为32785273的歌曲，评论总页码为：22
2018-06-19 12:14:42,792 - connectionpool.py - [line:396] - DEBUG :http://music.163.com:80 "POST /weapi/v1/resource/comments/R_SO_4_29491859?csrf_token= HTTP/1.1" 200 None
2018-06-19 12:14:42,803 - multi.py - [line:151] - INFO :ids 为441489075的歌曲，评论总页码为：367
2018-06-19 12:14:42,825 - cloud_music.py - [line:44] - DEBUG :post data is:{'rid': 'R_SO_4_32785273', 'total': 'true', 'limit': 20, 'csrf_token': '', 'offset': 20}
2018-06-19 12:14:42,838 - cloud_music.py - [line:44] - DEBUG :post data is:{'rid': 'R_SO_4_441489075', 'total': 'true', 'limit': 20, 'csrf_token': '', 'offset': 20}
2018-06-19 12:14:42,839 - connectionpool.py - [line:396] - DEBUG :http://music.163.com:80 "POST /weapi/v1/resource/comments/R_SO_4_454698378?csrf_token= HTTP/1.1" 200 None
2018-06-19 12:14:42,881 - multi.py - [line:161] - INFO :正在抓取ids=28134449第5页评论
2018-06-19 12:14:42,884 - connectionpool.py - [line:208] - DEBUG :Starting new HTTP connection (1): music.163.com
2018-06-19 12:14:42,887 - multi.py - [line:168] - INFO :获取ids=28134449的song的第5页评论
2018-06-19 12:14:42,895 - multi.py - [line:174] - INFO :得到5页评论中的5页评论，准备合并评论
2018-06-19 12:14:42,901 - multi.py - [line:161] - INFO :正在抓取ids=29491859第4页评论
2018-06-19 12:14:42,905 - multi.py - [line:168] - INFO :获取ids=29491859的song的第4页评论
2018-06-19 12:14:42,910 - cloud_music.py - [line:44] - DEBUG :post data is:{'rid': 'R_SO_4_29491859', 'total': 'true', 'limit': 20, 'csrf_token': '', 'offset': 80}
2018-06-19 12:14:42,911 - My_MySQL.py - [line:42] - INFO :fetchall count is：6
2018-06-19 12:14:42,913 - connectionpool.py - [line:208] - DEBUG :Starting new HTTP connection (1): music.163.com
2018-06-19 12:14:42,917 - connectionpool.py - [line:208] - DEBUG :Starting new HTTP connection (1): music.163.com
2018-06-19 12:14:42,917 - mysql.py - [line:221] - INFO :successfully update_table_song comments
2018-06-19 12:14:42,934 - multi.py - [line:161] - INFO :正在抓取ids=454698378第4页评论
2018-06-19 12:14:42,936 - multi.py - [line:168] - INFO :获取ids=454698378的song的第4页评论
2018-06-19 12:14:42,937 - cloud_music.py - [line:44] - DEBUG :post data is:{'rid': 'R_SO_4_454698378', 'total': 'true', 'limit': 20, 'csrf_token': '', 'offset': 80}
2018-06-19 12:14:42,946 - connectionpool.py - [line:208] - DEBUG :Starting new HTTP connection (1): music.163.com
2018-06-19 12:14:42,953 - connectionpool.py - [line:208] - DEBUG :Starting new HTTP connection (1): music.163.com
2018-06-19 12:14:42,974 - connectionpool.py - [line:396] - DEBUG :http://music.163.com:80 "POST /weapi/v1/resource/comments/R_SO_4_496902057?csrf_token= HTTP/1.1" 200 None
2018-06-19 12:14:42,987 - multi.py - [line:151] - INFO :ids 为496902057的歌曲，评论总页码为：19
2018-06-19 12:14:42,992 - cloud_music.py - [line:44] - DEBUG :post data is:{'rid': 'R_SO_4_496902057', 'total': 'true', 'limit': 20, 'csrf_token': '', 'offset': 20}
2018-06-19 12:14:43,000 - connectionpool.py - [line:208] - DEBUG :Starting new HTTP connection (1): music.163.com
2018-06-19 12:14:43,006 - My_MySQL.py - [line:42] - INFO :fetchall count is：3
2018-06-19 12:14:43,006 - mysql.py - [line:221] - INFO :successfully update_table_song comments
2018-06-19 12:14:44,842 - connectionpool.py - [line:396] - DEBUG :http://music.163.com:80 "POST /weapi/v1/resource/comments/R_SO_4_524148114?csrf_token= HTTP/1.1" 200 None
2018-06-19 12:14:44,848 - multi.py - [line:151] - INFO :ids 为524148114的歌曲，评论总页码为：29
2018-06-19 12:14:44,851 - cloud_music.py - [line:44] - DEBUG :post data is:{'rid': 'R_SO_4_524148114', 'total': 'true', 'limit': 20, 'csrf_token': '', 'offset': 20}
2018-06-19 12:14:44,858 - connectionpool.py - [line:208] - DEBUG :Starting new HTTP connection (1): music.163.com
2018-06-19 12:14:44,943 - connectionpool.py - [line:396] - DEBUG :http://music.163.com:80 "POST /weapi/v1/resource/comments/R_SO_4_454698378?csrf_token= HTTP/1.1" 200 None
2018-06-19 12:14:44,967 - connectionpool.py - [line:396] - DEBUG :http://music.163.com:80 "POST /weapi/v1/resource/comments/R_SO_4_29491859?csrf_token= HTTP/1.1" 200 None
2018-06-19 12:14:44,967 - connectionpool.py - [line:396] - DEBUG :http://music.163.com:80 "POST /weapi/v1/resource/comments/R_SO_4_32785273?csrf_token= HTTP/1.1" 200 None
2018-06-19 12:14:44,982 - connectionpool.py - [line:396] - DEBUG :http://music.163.com:80 "POST /weapi/v1/resource/comments/R_SO_4_441489075?csrf_token= HTTP/1.1" 200 None
2018-06-19 12:14:44,986 - multi.py - [line:161] - INFO :正在抓取ids=454698378第5页评论
2018-06-19 12:14:44,990 - multi.py - [line:168] - INFO :获取ids=454698378的song的第5页评论
2018-06-19 12:14:44,996 - multi.py - [line:174] - INFO :得到5页评论中的5页评论，准备合并评论
2018-06-19 12:14:44,996 - connectionpool.py - [line:396] - DEBUG :http://music.163.com:80 "POST /weapi/v1/resource/comments/R_SO_4_524148114?csrf_token= HTTP/1.1" 200 None
2018-06-19 12:14:45,025 - connectionpool.py - [line:396] - DEBUG :http://music.163.com:80 "POST /weapi/v1/resource/comments/R_SO_4_496902057?csrf_token= HTTP/1.1" 200 None
2018-06-19 12:14:45,039 - multi.py - [line:161] - INFO :正在抓取ids=32785273第2页评论
2018-06-19 12:14:45,038 - multi.py - [line:161] - INFO :正在抓取ids=29491859第5页评论
2018-06-19 12:14:45,043 - multi.py - [line:168] - INFO :获取ids=32785273的song的第2页评论
2018-06-19 12:14:45,048 - multi.py - [line:168] - INFO :获取ids=29491859的song的第5页评论
2018-06-19 12:14:45,051 - cloud_music.py - [line:44] - DEBUG :post data is:{'rid': 'R_SO_4_32785273', 'total': 'true', 'limit': 20, 'csrf_token': '', 'offset': 40}
2018-06-19 12:14:45,056 - multi.py - [line:174] - INFO :得到5页评论中的5页评论，准备合并评论
2018-06-19 12:14:45,055 - multi.py - [line:161] - INFO :正在抓取ids=441489075第2页评论
2018-06-19 12:14:45,063 - multi.py - [line:168] - INFO :获取ids=441489075的song的第2页评论
2018-06-19 12:14:45,068 - cloud_music.py - [line:44] - DEBUG :post data is:{'rid': 'R_SO_4_441489075', 'total': 'true', 'limit': 20, 'csrf_token': '', 'offset': 40}
2018-06-19 12:14:45,069 - multi.py - [line:161] - INFO :正在抓取ids=524148114第2页评论
2018-06-19 12:14:45,073 - multi.py - [line:168] - INFO :获取ids=524148114的song的第2页评论
2018-06-19 12:14:45,078 - cloud_music.py - [line:44] - DEBUG :post data is:{'rid': 'R_SO_4_524148114', 'total': 'true', 'limit': 20, 'csrf_token': '', 'offset': 40}
2018-06-19 12:14:45,101 - multi.py - [line:161] - INFO :正在抓取ids=496902057第2页评论
2018-06-19 12:14:45,105 - multi.py - [line:168] - INFO :获取ids=496902057的song的第2页评论
2018-06-19 12:14:45,108 - cloud_music.py - [line:44] - DEBUG :post data is:{'rid': 'R_SO_4_496902057', 'total': 'true', 'limit': 20, 'csrf_token': '', 'offset': 40}
2018-06-19 12:14:45,118 - connectionpool.py - [line:208] - DEBUG :Starting new HTTP connection (1): music.163.com
2018-06-19 12:14:45,122 - connectionpool.py - [line:208] - DEBUG :Starting new HTTP connection (1): music.163.com
2018-06-19 12:14:45,134 - connectionpool.py - [line:208] - DEBUG :Starting new HTTP connection (1): music.163.com
2018-06-19 12:14:45,138 - connectionpool.py - [line:208] - DEBUG :Starting new HTTP connection (1): music.163.com
2018-06-19 12:14:45,250 - connectionpool.py - [line:396] - DEBUG :http://music.163.com:80 "POST /weapi/v1/resource/comments/R_SO_4_441489075?csrf_token= HTTP/1.1" 200 None
2018-06-19 12:14:45,288 - My_MySQL.py - [line:42] - INFO :fetchall count is：4
2018-06-19 12:14:45,289 - mysql.py - [line:221] - INFO :successfully update_table_song comments
2018-06-19 12:14:45,306 - My_MySQL.py - [line:42] - INFO :fetchall count is：7
2018-06-19 12:14:45,308 - mysql.py - [line:221] - INFO :successfully update_table_song comments
2018-06-19 12:14:50,381 - connectionpool.py - [line:396] - DEBUG :http://music.163.com:80 "POST /weapi/v1/resource/comments/R_SO_4_524148114?csrf_token= HTTP/1.1" 200 None
2018-06-19 12:14:50,381 - connectionpool.py - [line:396] - DEBUG :http://music.163.com:80 "POST /weapi/v1/resource/comments/R_SO_4_496902057?csrf_token= HTTP/1.1" 200 None
2018-06-19 12:14:50,398 - multi.py - [line:161] - INFO :正在抓取ids=441489075第3页评论
2018-06-19 12:14:50,401 - connectionpool.py - [line:396] - DEBUG :http://music.163.com:80 "POST /weapi/v1/resource/comments/R_SO_4_32785273?csrf_token= HTTP/1.1" 200 None
2018-06-19 12:14:50,403 - multi.py - [line:168] - INFO :获取ids=441489075的song的第3页评论
2018-06-19 12:14:50,404 - cloud_music.py - [line:44] - DEBUG :post data is:{'rid': 'R_SO_4_441489075', 'total': 'true', 'limit': 20, 'csrf_token': '', 'offset': 60}
2018-06-19 12:14:50,430 - multi.py - [line:161] - INFO :正在抓取ids=524148114第3页评论
2018-06-19 12:14:50,434 - multi.py - [line:168] - INFO :获取ids=524148114的song的第3页评论
2018-06-19 12:14:50,437 - multi.py - [line:161] - INFO :正在抓取ids=496902057第3页评论
2018-06-19 12:14:50,437 - cloud_music.py - [line:44] - DEBUG :post data is:{'rid': 'R_SO_4_524148114', 'total': 'true', 'limit': 20, 'csrf_token': '', 'offset': 60}
2018-06-19 12:14:50,440 - multi.py - [line:168] - INFO :获取ids=496902057的song的第3页评论
2018-06-19 12:14:50,444 - cloud_music.py - [line:44] - DEBUG :post data is:{'rid': 'R_SO_4_496902057', 'total': 'true', 'limit': 20, 'csrf_token': '', 'offset': 60}
2018-06-19 12:14:50,448 - multi.py - [line:161] - INFO :正在抓取ids=32785273第3页评论
2018-06-19 12:14:50,448 - connectionpool.py - [line:208] - DEBUG :Starting new HTTP connection (1): music.163.com
2018-06-19 12:14:50,451 - multi.py - [line:168] - INFO :获取ids=32785273的song的第3页评论
2018-06-19 12:14:50,456 - cloud_music.py - [line:44] - DEBUG :post data is:{'rid': 'R_SO_4_32785273', 'total': 'true', 'limit': 20, 'csrf_token': '', 'offset': 60}
2018-06-19 12:14:50,471 - connectionpool.py - [line:208] - DEBUG :Starting new HTTP connection (1): music.163.com
2018-06-19 12:14:50,474 - connectionpool.py - [line:208] - DEBUG :Starting new HTTP connection (1): music.163.com
2018-06-19 12:14:50,479 - connectionpool.py - [line:208] - DEBUG :Starting new HTTP connection (1): music.163.com
2018-06-19 12:14:50,632 - connectionpool.py - [line:396] - DEBUG :http://music.163.com:80 "POST /weapi/v1/resource/comments/R_SO_4_524148114?csrf_token= HTTP/1.1" 200 None
2018-06-19 12:14:50,648 - multi.py - [line:161] - INFO :正在抓取ids=524148114第4页评论
2018-06-19 12:14:50,650 - multi.py - [line:168] - INFO :获取ids=524148114的song的第4页评论
2018-06-19 12:14:50,651 - cloud_music.py - [line:44] - DEBUG :post data is:{'rid': 'R_SO_4_524148114', 'total': 'true', 'limit': 20, 'csrf_token': '', 'offset': 80}
2018-06-19 12:14:50,658 - connectionpool.py - [line:208] - DEBUG :Starting new HTTP connection (1): music.163.com
2018-06-19 12:14:50,661 - connectionpool.py - [line:396] - DEBUG :http://music.163.com:80 "POST /weapi/v1/resource/comments/R_SO_4_496902057?csrf_token= HTTP/1.1" 200 None
2018-06-19 12:14:50,667 - multi.py - [line:161] - INFO :正在抓取ids=496902057第4页评论
2018-06-19 12:14:50,668 - multi.py - [line:168] - INFO :获取ids=496902057的song的第4页评论
2018-06-19 12:14:50,668 - cloud_music.py - [line:44] - DEBUG :post data is:{'rid': 'R_SO_4_496902057', 'total': 'true', 'limit': 20, 'csrf_token': '', 'offset': 80}
2018-06-19 12:14:50,676 - connectionpool.py - [line:208] - DEBUG :Starting new HTTP connection (1): music.163.com
2018-06-19 12:14:50,677 - connectionpool.py - [line:396] - DEBUG :http://music.163.com:80 "POST /weapi/v1/resource/comments/R_SO_4_32785273?csrf_token= HTTP/1.1" 200 None
2018-06-19 12:14:50,684 - multi.py - [line:161] - INFO :正在抓取ids=32785273第4页评论
2018-06-19 12:14:50,686 - multi.py - [line:168] - INFO :获取ids=32785273的song的第4页评论
2018-06-19 12:14:50,686 - cloud_music.py - [line:44] - DEBUG :post data is:{'rid': 'R_SO_4_32785273', 'total': 'true', 'limit': 20, 'csrf_token': '', 'offset': 80}
2018-06-19 12:14:50,693 - connectionpool.py - [line:208] - DEBUG :Starting new HTTP connection (1): music.163.com
2018-06-19 12:14:50,694 - connectionpool.py - [line:396] - DEBUG :http://music.163.com:80 "POST /weapi/v1/resource/comments/R_SO_4_441489075?csrf_token= HTTP/1.1" 200 None
2018-06-19 12:14:50,704 - multi.py - [line:161] - INFO :正在抓取ids=441489075第4页评论
2018-06-19 12:14:50,706 - multi.py - [line:168] - INFO :获取ids=441489075的song的第4页评论
2018-06-19 12:14:50,706 - cloud_music.py - [line:44] - DEBUG :post data is:{'rid': 'R_SO_4_441489075', 'total': 'true', 'limit': 20, 'csrf_token': '', 'offset': 80}
2018-06-19 12:14:50,713 - connectionpool.py - [line:208] - DEBUG :Starting new HTTP connection (1): music.163.com
2018-06-19 12:14:50,897 - connectionpool.py - [line:396] - DEBUG :http://music.163.com:80 "POST /weapi/v1/resource/comments/R_SO_4_496902057?csrf_token= HTTP/1.1" 200 None
2018-06-19 12:14:50,904 - multi.py - [line:161] - INFO :正在抓取ids=496902057第5页评论
2018-06-19 12:14:50,904 - multi.py - [line:168] - INFO :获取ids=496902057的song的第5页评论
2018-06-19 12:14:50,905 - connectionpool.py - [line:396] - DEBUG :http://music.163.com:80 "POST /weapi/v1/resource/comments/R_SO_4_32785273?csrf_token= HTTP/1.1" 200 None
2018-06-19 12:14:50,913 - multi.py - [line:161] - INFO :正在抓取ids=32785273第5页评论
2018-06-19 12:14:50,914 - multi.py - [line:168] - INFO :获取ids=32785273的song的第5页评论
2018-06-19 12:14:50,917 - connectionpool.py - [line:396] - DEBUG :http://music.163.com:80 "POST /weapi/v1/resource/comments/R_SO_4_524148114?csrf_token= HTTP/1.1" 200 None
2018-06-19 12:14:50,924 - multi.py - [line:161] - INFO :正在抓取ids=524148114第5页评论
2018-06-19 12:14:50,924 - multi.py - [line:168] - INFO :获取ids=524148114的song的第5页评论
2018-06-19 12:14:50,928 - multi.py - [line:174] - INFO :得到5页评论中的5页评论，准备合并评论
2018-06-19 12:14:50,933 - multi.py - [line:174] - INFO :得到5页评论中的5页评论，准备合并评论
2018-06-19 12:14:50,936 - connectionpool.py - [line:396] - DEBUG :http://music.163.com:80 "POST /weapi/v1/resource/comments/R_SO_4_441489075?csrf_token= HTTP/1.1" 200 None
2018-06-19 12:14:50,944 - multi.py - [line:174] - INFO :得到5页评论中的5页评论，准备合并评论
2018-06-19 12:14:50,950 - multi.py - [line:161] - INFO :正在抓取ids=441489075第5页评论
2018-06-19 12:14:50,951 - multi.py - [line:168] - INFO :获取ids=441489075的song的第5页评论
2018-06-19 12:14:50,960 - multi.py - [line:174] - INFO :得到5页评论中的5页评论，准备合并评论
2018-06-19 12:14:51,144 - My_MySQL.py - [line:42] - INFO :fetchall count is：2
2018-06-19 12:14:51,144 - mysql.py - [line:221] - INFO :successfully update_table_song comments
2018-06-19 12:14:51,499 - My_MySQL.py - [line:42] - INFO :fetchall count is：6
2018-06-19 12:14:51,500 - mysql.py - [line:221] - INFO :successfully update_table_song comments
2018-06-19 12:14:51,562 - My_MySQL.py - [line:42] - INFO :fetchall count is：4
2018-06-19 12:14:51,563 - mysql.py - [line:221] - INFO :successfully update_table_song comments
2018-06-19 12:14:51,584 - My_MySQL.py - [line:42] - INFO :fetchall count is：5
2018-06-19 12:14:51,585 - mysql.py - [line:221] - INFO :successfully update_table_song comments
2018-06-19 12:15:00,470 - connectionpool.py - [line:396] - DEBUG :http://music.163.com:80 "POST /weapi/v1/resource/comments/R_SO_4_5057315?csrf_token= HTTP/1.1" 200 None
2018-06-19 12:15:00,515 - multi.py - [line:161] - INFO :正在抓取ids=5057315第2页评论
2018-06-19 12:15:00,516 - multi.py - [line:168] - INFO :获取ids=5057315的song的第2页评论
2018-06-19 12:15:00,516 - cloud_music.py - [line:44] - DEBUG :post data is:{'rid': 'R_SO_4_5057315', 'total': 'true', 'limit': 20, 'csrf_token': '', 'offset': 40}
2018-06-19 12:15:00,523 - connectionpool.py - [line:208] - DEBUG :Starting new HTTP connection (1): music.163.com
2018-06-19 12:15:05,875 - connectionpool.py - [line:396] - DEBUG :http://music.163.com:80 "POST /weapi/v1/resource/comments/R_SO_4_5057315?csrf_token= HTTP/1.1" 200 None
2018-06-19 12:15:05,882 - multi.py - [line:161] - INFO :正在抓取ids=5057315第3页评论
2018-06-19 12:15:05,884 - multi.py - [line:168] - INFO :获取ids=5057315的song的第3页评论
2018-06-19 12:15:05,890 - multi.py - [line:174] - INFO :得到3页评论中的3页评论，准备合并评论
2018-06-19 12:15:06,015 - My_MySQL.py - [line:42] - INFO :fetchall count is：2
2018-06-19 12:15:06,016 - mysql.py - [line:221] - INFO :successfully update_table_song comments
